13:00:13.902 [main] WARN  o.s.b.w.s.c.AnnotationConfigServletWebServerApplicationContext - Exception encountered during context initialization - cancelling refresh attempt: org.springframework.beans.factory.BeanCreationException: Error creating bean with name 'appCache': Invocation of init method failed
13:00:33.775 [main] INFO  n.f.journalApp.JournalApplication - Starting JournalApplication using Java 22.0.2 with PID 20060 (C:\SpringBoot\JournalApp\journlApp\target\classes started by Ronak Singh in C:\SpringBoot\JournalApp)
13:00:33.776 [main] INFO  n.f.journalApp.JournalApplication - The following 1 profile is active: "dev"
13:00:34.493 [main] INFO  o.s.d.r.c.RepositoryConfigurationDelegate - Bootstrapping Spring Data MongoDB repositories in DEFAULT mode.
13:00:34.564 [main] INFO  o.s.d.r.c.RepositoryConfigurationDelegate - Finished Spring Data repository scanning in 64 ms. Found 3 MongoDB repository interfaces.
13:00:35.065 [main] INFO  o.s.b.w.e.tomcat.TomcatWebServer - Tomcat initialized with port 8080 (http)
13:00:35.086 [main] INFO  o.a.coyote.http11.Http11NioProtocol - Initializing ProtocolHandler ["http-nio-8080"]
13:00:35.089 [main] INFO  o.a.catalina.core.StandardService - Starting service [Tomcat]
13:00:35.090 [main] INFO  o.a.catalina.core.StandardEngine - Starting Servlet engine: [Apache Tomcat/10.1.43]
13:00:35.146 [main] INFO  o.a.c.c.C.[.[localhost].[/journal] - Initializing Spring embedded WebApplicationContext
13:00:35.146 [main] INFO  o.s.b.w.s.c.ServletWebServerApplicationContext - Root WebApplicationContext: initialization completed in 1319 ms
13:00:35.866 [cluster-ClusterId{value='68a2d69bd4fef113819c3777', description='Cluster0'}-srv-cluster0.ztraaqo.mongodb.net] INFO  org.mongodb.driver.cluster - Adding discovered server ac-ei1dnxw-shard-00-02.ztraaqo.mongodb.net:27017 to client view of cluster
13:00:35.919 [main] INFO  org.mongodb.driver.client - MongoClient with metadata {"application": {"name": "Cluster0"}, "driver": {"name": "mongo-java-driver|sync|spring-boot", "version": "5.5.1"}, "os": {"type": "Windows", "name": "Windows 11", "architecture": "amd64", "version": "10.0"}, "platform": "Java/Oracle Corporation/22.0.2+9-70"} created with settings MongoClientSettings{readPreference=primary, writeConcern=WriteConcern{w=majority, wTimeout=null ms, journal=null}, retryWrites=true, retryReads=true, readConcern=ReadConcern{level=null}, credential=MongoCredential{mechanism=null, userName='ronaksingh201106', source='admin', password=<hidden>, mechanismProperties=<hidden>}, transportSettings=null, commandListeners=[], codecRegistry=ProvidersCodecRegistry{codecProviders=[ValueCodecProvider{}, BsonValueCodecProvider{}, DBRefCodecProvider{}, DBObjectCodecProvider{}, DocumentCodecProvider{}, CollectionCodecProvider{}, IterableCodecProvider{}, MapCodecProvider{}, GeoJsonCodecProvider{}, GridFSFileCodecProvider{}, Jsr310CodecProvider{}, JsonObjectCodecProvider{}, BsonCodecProvider{}, EnumCodecProvider{}, com.mongodb.client.model.mql.ExpressionCodecProvider@19a5b637, com.mongodb.Jep395RecordCodecProvider@4f3c7808, com.mongodb.KotlinCodecProvider@4b4969ea]}, loggerSettings=LoggerSettings{maxDocumentLength=1000}, clusterSettings={hosts=[127.0.0.1:27017], srvHost=cluster0.ztraaqo.mongodb.net, srvServiceName=mongodb, mode=MULTIPLE, requiredClusterType=REPLICA_SET, requiredReplicaSetName='atlas-et1gmu-shard-0', serverSelector='null', clusterListeners='[]', serverSelectionTimeout='30000 ms', localThreshold='15 ms'}, socketSettings=SocketSettings{connectTimeoutMS=10000, readTimeoutMS=0, receiveBufferSize=0, proxySettings=ProxySettings{host=null, port=null, username=null, password=null}}, heartbeatSocketSettings=SocketSettings{connectTimeoutMS=10000, readTimeoutMS=10000, receiveBufferSize=0, proxySettings=ProxySettings{host=null, port=null, username=null, password=null}}, connectionPoolSettings=ConnectionPoolSettings{maxSize=100, minSize=0, maxWaitTimeMS=120000, maxConnectionLifeTimeMS=0, maxConnectionIdleTimeMS=0, maintenanceInitialDelayMS=0, maintenanceFrequencyMS=60000, connectionPoolListeners=[], maxConnecting=2}, serverSettings=ServerSettings{heartbeatFrequencyMS=10000, minHeartbeatFrequencyMS=500, serverMonitoringMode=AUTO, serverListeners='[]', serverMonitorListeners='[]'}, sslSettings=SslSettings{enabled=true, invalidHostNameAllowed=false, context=null}, applicationName='Cluster0', compressorList=[], uuidRepresentation=JAVA_LEGACY, serverApi=null, autoEncryptionSettings=null, dnsClient=null, inetAddressResolver=null, contextProvider=null, timeoutMS=null}
13:00:35.925 [cluster-ClusterId{value='68a2d69bd4fef113819c3777', description='Cluster0'}-srv-cluster0.ztraaqo.mongodb.net] INFO  org.mongodb.driver.cluster - Adding discovered server ac-ei1dnxw-shard-00-01.ztraaqo.mongodb.net:27017 to client view of cluster
13:00:35.928 [cluster-ClusterId{value='68a2d69bd4fef113819c3777', description='Cluster0'}-srv-cluster0.ztraaqo.mongodb.net] INFO  org.mongodb.driver.cluster - Adding discovered server ac-ei1dnxw-shard-00-00.ztraaqo.mongodb.net:27017 to client view of cluster
13:00:36.454 [main] INFO  org.mongodb.driver.cluster - Waiting for server to become available for operation with ID 5. Remaining time: 29985 ms. Selector: WritableServerSelector, topology description: {type=REPLICA_SET, servers=[{address=ac-ei1dnxw-shard-00-01.ztraaqo.mongodb.net:27017, type=UNKNOWN, state=CONNECTING}, {address=ac-ei1dnxw-shard-00-02.ztraaqo.mongodb.net:27017, type=UNKNOWN, state=CONNECTING}, {address=ac-ei1dnxw-shard-00-00.ztraaqo.mongodb.net:27017, type=UNKNOWN, state=CONNECTING}].
13:00:36.655 [cluster-ClusterId{value='68a2d69bd4fef113819c3777', description='Cluster0'}-ac-ei1dnxw-shard-00-02.ztraaqo.mongodb.net:27017] INFO  org.mongodb.driver.cluster - Monitor thread successfully connected to server with description ServerDescription{address=ac-ei1dnxw-shard-00-02.ztraaqo.mongodb.net:27017, type=REPLICA_SET_PRIMARY, cryptd=false, state=CONNECTED, ok=true, minWireVersion=0, maxWireVersion=25, maxDocumentSize=16777216, logicalSessionTimeoutMinutes=30, roundTripTimeNanos=352492700, minRoundTripTimeNanos=0, setName='atlas-et1gmu-shard-0', canonicalAddress=ac-ei1dnxw-shard-00-02.ztraaqo.mongodb.net:27017, hosts=[ac-ei1dnxw-shard-00-02.ztraaqo.mongodb.net:27017, ac-ei1dnxw-shard-00-00.ztraaqo.mongodb.net:27017, ac-ei1dnxw-shard-00-01.ztraaqo.mongodb.net:27017], passives=[], arbiters=[], primary='ac-ei1dnxw-shard-00-02.ztraaqo.mongodb.net:27017', tagSet=TagSet{[Tag{name='availabilityZone', value='aps1-az2'}, Tag{name='diskState', value='READY'}, Tag{name='nodeType', value='ELECTABLE'}, Tag{name='provider', value='AWS'}, Tag{name='region', value='AP_SOUTH_1'}, Tag{name='workloadType', value='OPERATIONAL'}]}, electionId=7fffffff0000000000000033, setVersion=10, topologyVersion=TopologyVersion{processId=68a2136a5fde4c84ecd4a012, counter=6}, lastWriteDate=Mon Aug 18 13:00:30 IST 2025, lastUpdateTimeNanos=8199686233000}
13:00:36.655 [cluster-ClusterId{value='68a2d69bd4fef113819c3777', description='Cluster0'}-ac-ei1dnxw-shard-00-01.ztraaqo.mongodb.net:27017] INFO  org.mongodb.driver.cluster - Monitor thread successfully connected to server with description ServerDescription{address=ac-ei1dnxw-shard-00-01.ztraaqo.mongodb.net:27017, type=REPLICA_SET_SECONDARY, cryptd=false, state=CONNECTED, ok=true, minWireVersion=0, maxWireVersion=25, maxDocumentSize=16777216, logicalSessionTimeoutMinutes=30, roundTripTimeNanos=352989200, minRoundTripTimeNanos=0, setName='atlas-et1gmu-shard-0', canonicalAddress=ac-ei1dnxw-shard-00-01.ztraaqo.mongodb.net:27017, hosts=[ac-ei1dnxw-shard-00-02.ztraaqo.mongodb.net:27017, ac-ei1dnxw-shard-00-00.ztraaqo.mongodb.net:27017, ac-ei1dnxw-shard-00-01.ztraaqo.mongodb.net:27017], passives=[], arbiters=[], primary='ac-ei1dnxw-shard-00-02.ztraaqo.mongodb.net:27017', tagSet=TagSet{[Tag{name='availabilityZone', value='aps1-az3'}, Tag{name='diskState', value='READY'}, Tag{name='nodeType', value='ELECTABLE'}, Tag{name='provider', value='AWS'}, Tag{name='region', value='AP_SOUTH_1'}, Tag{name='workloadType', value='OPERATIONAL'}]}, electionId=null, setVersion=10, topologyVersion=TopologyVersion{processId=68a215cc93cbde9c96f801a6, counter=3}, lastWriteDate=Mon Aug 18 13:00:30 IST 2025, lastUpdateTimeNanos=8199686376200}
13:00:36.655 [cluster-ClusterId{value='68a2d69bd4fef113819c3777', description='Cluster0'}-ac-ei1dnxw-shard-00-00.ztraaqo.mongodb.net:27017] INFO  org.mongodb.driver.cluster - Monitor thread successfully connected to server with description ServerDescription{address=ac-ei1dnxw-shard-00-00.ztraaqo.mongodb.net:27017, type=REPLICA_SET_SECONDARY, cryptd=false, state=CONNECTED, ok=true, minWireVersion=0, maxWireVersion=25, maxDocumentSize=16777216, logicalSessionTimeoutMinutes=30, roundTripTimeNanos=352965300, minRoundTripTimeNanos=0, setName='atlas-et1gmu-shard-0', canonicalAddress=ac-ei1dnxw-shard-00-00.ztraaqo.mongodb.net:27017, hosts=[ac-ei1dnxw-shard-00-02.ztraaqo.mongodb.net:27017, ac-ei1dnxw-shard-00-00.ztraaqo.mongodb.net:27017, ac-ei1dnxw-shard-00-01.ztraaqo.mongodb.net:27017], passives=[], arbiters=[], primary='ac-ei1dnxw-shard-00-02.ztraaqo.mongodb.net:27017', tagSet=TagSet{[Tag{name='availabilityZone', value='aps1-az1'}, Tag{name='diskState', value='READY'}, Tag{name='nodeType', value='ELECTABLE'}, Tag{name='provider', value='AWS'}, Tag{name='region', value='AP_SOUTH_1'}, Tag{name='workloadType', value='OPERATIONAL'}]}, electionId=null, setVersion=10, topologyVersion=TopologyVersion{processId=68a2145c42d8d88c4af5ea6c, counter=4}, lastWriteDate=Mon Aug 18 13:00:30 IST 2025, lastUpdateTimeNanos=8199686222400}
13:00:36.661 [cluster-ClusterId{value='68a2d69bd4fef113819c3777', description='Cluster0'}-ac-ei1dnxw-shard-00-02.ztraaqo.mongodb.net:27017] INFO  org.mongodb.driver.cluster - Discovered replica set primary ac-ei1dnxw-shard-00-02.ztraaqo.mongodb.net:27017 with max election id 7fffffff0000000000000033 and max set version 10
13:00:49.924 [main] INFO  o.s.s.c.a.a.c.InitializeUserDetailsBeanManagerConfigurer$InitializeUserDetailsManagerConfigurer - Global AuthenticationManager configured with UserDetailsService bean with name userDetailsServiceImpl
13:00:50.175 [main] INFO  o.s.b.w.e.tomcat.TomcatWebServer - Tomcat started on port 8080 (http) with context path '/journal'
13:00:50.183 [SpringApplicationShutdownHook] INFO  o.s.b.w.e.tomcat.GracefulShutdown - Commencing graceful shutdown. Waiting for active requests to complete
13:00:50.186 [main] INFO  n.f.journalApp.JournalApplication - Started JournalApplication in 16.898 seconds (process running for 17.587)
13:00:50.188 [tomcat-shutdown] INFO  o.s.b.w.e.tomcat.GracefulShutdown - Graceful shutdown complete
13:00:55.076 [main] INFO  n.f.journalApp.JournalApplication - Starting JournalApplication using Java 22.0.2 with PID 6368 (C:\SpringBoot\JournalApp\journlApp\target\classes started by Ronak Singh in C:\SpringBoot\JournalApp)
13:00:55.077 [main] INFO  n.f.journalApp.JournalApplication - The following 1 profile is active: "dev"
13:00:55.672 [main] INFO  o.s.d.r.c.RepositoryConfigurationDelegate - Bootstrapping Spring Data MongoDB repositories in DEFAULT mode.
13:00:55.729 [main] INFO  o.s.d.r.c.RepositoryConfigurationDelegate - Finished Spring Data repository scanning in 52 ms. Found 3 MongoDB repository interfaces.
13:00:56.154 [main] INFO  o.s.b.w.e.tomcat.TomcatWebServer - Tomcat initialized with port 8080 (http)
13:00:56.166 [main] INFO  o.a.coyote.http11.Http11NioProtocol - Initializing ProtocolHandler ["http-nio-8080"]
13:00:56.168 [main] INFO  o.a.catalina.core.StandardService - Starting service [Tomcat]
13:00:56.168 [main] INFO  o.a.catalina.core.StandardEngine - Starting Servlet engine: [Apache Tomcat/10.1.43]
13:00:56.220 [main] INFO  o.a.c.c.C.[.[localhost].[/journal] - Initializing Spring embedded WebApplicationContext
13:00:56.221 [main] INFO  o.s.b.w.s.c.ServletWebServerApplicationContext - Root WebApplicationContext: initialization completed in 1096 ms
13:00:56.451 [cluster-ClusterId{value='68a2d6b06ae822531880f427', description='Cluster0'}-srv-cluster0.ztraaqo.mongodb.net] INFO  org.mongodb.driver.cluster - Adding discovered server ac-ei1dnxw-shard-00-02.ztraaqo.mongodb.net:27017 to client view of cluster
13:00:56.483 [main] INFO  org.mongodb.driver.client - MongoClient with metadata {"application": {"name": "Cluster0"}, "driver": {"name": "mongo-java-driver|sync|spring-boot", "version": "5.5.1"}, "os": {"type": "Windows", "name": "Windows 11", "architecture": "amd64", "version": "10.0"}, "platform": "Java/Oracle Corporation/22.0.2+9-70"} created with settings MongoClientSettings{readPreference=primary, writeConcern=WriteConcern{w=majority, wTimeout=null ms, journal=null}, retryWrites=true, retryReads=true, readConcern=ReadConcern{level=null}, credential=MongoCredential{mechanism=null, userName='ronaksingh201106', source='admin', password=<hidden>, mechanismProperties=<hidden>}, transportSettings=null, commandListeners=[], codecRegistry=ProvidersCodecRegistry{codecProviders=[ValueCodecProvider{}, BsonValueCodecProvider{}, DBRefCodecProvider{}, DBObjectCodecProvider{}, DocumentCodecProvider{}, CollectionCodecProvider{}, IterableCodecProvider{}, MapCodecProvider{}, GeoJsonCodecProvider{}, GridFSFileCodecProvider{}, Jsr310CodecProvider{}, JsonObjectCodecProvider{}, BsonCodecProvider{}, EnumCodecProvider{}, com.mongodb.client.model.mql.ExpressionCodecProvider@50b734c4, com.mongodb.Jep395RecordCodecProvider@2744dcae, com.mongodb.KotlinCodecProvider@16d0e521]}, loggerSettings=LoggerSettings{maxDocumentLength=1000}, clusterSettings={hosts=[127.0.0.1:27017], srvHost=cluster0.ztraaqo.mongodb.net, srvServiceName=mongodb, mode=MULTIPLE, requiredClusterType=REPLICA_SET, requiredReplicaSetName='atlas-et1gmu-shard-0', serverSelector='null', clusterListeners='[]', serverSelectionTimeout='30000 ms', localThreshold='15 ms'}, socketSettings=SocketSettings{connectTimeoutMS=10000, readTimeoutMS=0, receiveBufferSize=0, proxySettings=ProxySettings{host=null, port=null, username=null, password=null}}, heartbeatSocketSettings=SocketSettings{connectTimeoutMS=10000, readTimeoutMS=10000, receiveBufferSize=0, proxySettings=ProxySettings{host=null, port=null, username=null, password=null}}, connectionPoolSettings=ConnectionPoolSettings{maxSize=100, minSize=0, maxWaitTimeMS=120000, maxConnectionLifeTimeMS=0, maxConnectionIdleTimeMS=0, maintenanceInitialDelayMS=0, maintenanceFrequencyMS=60000, connectionPoolListeners=[], maxConnecting=2}, serverSettings=ServerSettings{heartbeatFrequencyMS=10000, minHeartbeatFrequencyMS=500, serverMonitoringMode=AUTO, serverListeners='[]', serverMonitorListeners='[]'}, sslSettings=SslSettings{enabled=true, invalidHostNameAllowed=false, context=null}, applicationName='Cluster0', compressorList=[], uuidRepresentation=JAVA_LEGACY, serverApi=null, autoEncryptionSettings=null, dnsClient=null, inetAddressResolver=null, contextProvider=null, timeoutMS=null}
13:00:56.489 [cluster-ClusterId{value='68a2d6b06ae822531880f427', description='Cluster0'}-srv-cluster0.ztraaqo.mongodb.net] INFO  org.mongodb.driver.cluster - Adding discovered server ac-ei1dnxw-shard-00-01.ztraaqo.mongodb.net:27017 to client view of cluster
13:00:56.492 [cluster-ClusterId{value='68a2d6b06ae822531880f427', description='Cluster0'}-srv-cluster0.ztraaqo.mongodb.net] INFO  org.mongodb.driver.cluster - Adding discovered server ac-ei1dnxw-shard-00-00.ztraaqo.mongodb.net:27017 to client view of cluster
13:00:56.772 [main] INFO  org.mongodb.driver.cluster - Waiting for server to become available for operation with ID 5. Remaining time: 29993 ms. Selector: WritableServerSelector, topology description: {type=REPLICA_SET, servers=[{address=ac-ei1dnxw-shard-00-01.ztraaqo.mongodb.net:27017, type=UNKNOWN, state=CONNECTING}, {address=ac-ei1dnxw-shard-00-02.ztraaqo.mongodb.net:27017, type=UNKNOWN, state=CONNECTING}, {address=ac-ei1dnxw-shard-00-00.ztraaqo.mongodb.net:27017, type=UNKNOWN, state=CONNECTING}].
13:00:56.940 [cluster-ClusterId{value='68a2d6b06ae822531880f427', description='Cluster0'}-ac-ei1dnxw-shard-00-02.ztraaqo.mongodb.net:27017] INFO  org.mongodb.driver.cluster - Monitor thread successfully connected to server with description ServerDescription{address=ac-ei1dnxw-shard-00-02.ztraaqo.mongodb.net:27017, type=REPLICA_SET_PRIMARY, cryptd=false, state=CONNECTED, ok=true, minWireVersion=0, maxWireVersion=25, maxDocumentSize=16777216, logicalSessionTimeoutMinutes=30, roundTripTimeNanos=275547100, minRoundTripTimeNanos=0, setName='atlas-et1gmu-shard-0', canonicalAddress=ac-ei1dnxw-shard-00-02.ztraaqo.mongodb.net:27017, hosts=[ac-ei1dnxw-shard-00-02.ztraaqo.mongodb.net:27017, ac-ei1dnxw-shard-00-00.ztraaqo.mongodb.net:27017, ac-ei1dnxw-shard-00-01.ztraaqo.mongodb.net:27017], passives=[], arbiters=[], primary='ac-ei1dnxw-shard-00-02.ztraaqo.mongodb.net:27017', tagSet=TagSet{[Tag{name='availabilityZone', value='aps1-az2'}, Tag{name='diskState', value='READY'}, Tag{name='nodeType', value='ELECTABLE'}, Tag{name='provider', value='AWS'}, Tag{name='region', value='AP_SOUTH_1'}, Tag{name='workloadType', value='OPERATIONAL'}]}, electionId=7fffffff0000000000000033, setVersion=10, topologyVersion=TopologyVersion{processId=68a2136a5fde4c84ecd4a012, counter=6}, lastWriteDate=Mon Aug 18 13:00:56 IST 2025, lastUpdateTimeNanos=8219993526700}
13:00:56.940 [cluster-ClusterId{value='68a2d6b06ae822531880f427', description='Cluster0'}-ac-ei1dnxw-shard-00-00.ztraaqo.mongodb.net:27017] INFO  org.mongodb.driver.cluster - Monitor thread successfully connected to server with description ServerDescription{address=ac-ei1dnxw-shard-00-00.ztraaqo.mongodb.net:27017, type=REPLICA_SET_SECONDARY, cryptd=false, state=CONNECTED, ok=true, minWireVersion=0, maxWireVersion=25, maxDocumentSize=16777216, logicalSessionTimeoutMinutes=30, roundTripTimeNanos=275546700, minRoundTripTimeNanos=0, setName='atlas-et1gmu-shard-0', canonicalAddress=ac-ei1dnxw-shard-00-00.ztraaqo.mongodb.net:27017, hosts=[ac-ei1dnxw-shard-00-02.ztraaqo.mongodb.net:27017, ac-ei1dnxw-shard-00-00.ztraaqo.mongodb.net:27017, ac-ei1dnxw-shard-00-01.ztraaqo.mongodb.net:27017], passives=[], arbiters=[], primary='ac-ei1dnxw-shard-00-02.ztraaqo.mongodb.net:27017', tagSet=TagSet{[Tag{name='availabilityZone', value='aps1-az1'}, Tag{name='diskState', value='READY'}, Tag{name='nodeType', value='ELECTABLE'}, Tag{name='provider', value='AWS'}, Tag{name='region', value='AP_SOUTH_1'}, Tag{name='workloadType', value='OPERATIONAL'}]}, electionId=null, setVersion=10, topologyVersion=TopologyVersion{processId=68a2145c42d8d88c4af5ea6c, counter=4}, lastWriteDate=Mon Aug 18 13:00:56 IST 2025, lastUpdateTimeNanos=8219993526600}
13:00:56.940 [cluster-ClusterId{value='68a2d6b06ae822531880f427', description='Cluster0'}-ac-ei1dnxw-shard-00-01.ztraaqo.mongodb.net:27017] INFO  org.mongodb.driver.cluster - Monitor thread successfully connected to server with description ServerDescription{address=ac-ei1dnxw-shard-00-01.ztraaqo.mongodb.net:27017, type=REPLICA_SET_SECONDARY, cryptd=false, state=CONNECTED, ok=true, minWireVersion=0, maxWireVersion=25, maxDocumentSize=16777216, logicalSessionTimeoutMinutes=30, roundTripTimeNanos=275546800, minRoundTripTimeNanos=0, setName='atlas-et1gmu-shard-0', canonicalAddress=ac-ei1dnxw-shard-00-01.ztraaqo.mongodb.net:27017, hosts=[ac-ei1dnxw-shard-00-02.ztraaqo.mongodb.net:27017, ac-ei1dnxw-shard-00-00.ztraaqo.mongodb.net:27017, ac-ei1dnxw-shard-00-01.ztraaqo.mongodb.net:27017], passives=[], arbiters=[], primary='ac-ei1dnxw-shard-00-02.ztraaqo.mongodb.net:27017', tagSet=TagSet{[Tag{name='availabilityZone', value='aps1-az3'}, Tag{name='diskState', value='READY'}, Tag{name='nodeType', value='ELECTABLE'}, Tag{name='provider', value='AWS'}, Tag{name='region', value='AP_SOUTH_1'}, Tag{name='workloadType', value='OPERATIONAL'}]}, electionId=null, setVersion=10, topologyVersion=TopologyVersion{processId=68a215cc93cbde9c96f801a6, counter=3}, lastWriteDate=Mon Aug 18 13:00:56 IST 2025, lastUpdateTimeNanos=8219993526600}
13:00:56.943 [cluster-ClusterId{value='68a2d6b06ae822531880f427', description='Cluster0'}-ac-ei1dnxw-shard-00-02.ztraaqo.mongodb.net:27017] INFO  org.mongodb.driver.cluster - Discovered replica set primary ac-ei1dnxw-shard-00-02.ztraaqo.mongodb.net:27017 with max election id 7fffffff0000000000000033 and max set version 10
13:00:57.659 [main] INFO  o.s.s.c.a.a.c.InitializeUserDetailsBeanManagerConfigurer$InitializeUserDetailsManagerConfigurer - Global AuthenticationManager configured with UserDetailsService bean with name userDetailsServiceImpl
13:00:57.922 [main] INFO  o.a.coyote.http11.Http11NioProtocol - Starting ProtocolHandler ["http-nio-8080"]
13:00:57.934 [main] INFO  o.s.b.w.e.tomcat.TomcatWebServer - Tomcat started on port 8080 (http) with context path '/journal'
13:00:57.941 [main] INFO  n.f.journalApp.JournalApplication - Started JournalApplication in 3.315 seconds (process running for 3.819)
13:01:04.406 [http-nio-8080-exec-2] INFO  o.a.c.c.C.[.[localhost].[/journal] - Initializing Spring DispatcherServlet 'dispatcherServlet'
13:01:04.406 [http-nio-8080-exec-2] INFO  o.s.web.servlet.DispatcherServlet - Initializing Servlet 'dispatcherServlet'
13:01:04.407 [http-nio-8080-exec-2] INFO  o.s.web.servlet.DispatcherServlet - Completed initialization in 1 ms
13:01:05.284 [http-nio-8080-exec-2] ERROR o.a.c.c.C.[.[.[.[dispatcherServlet] - Servlet.service() for servlet [dispatcherServlet] in context with path [/journal] threw exception [Request processing failed: java.lang.NullPointerException: Cannot invoke "net.firstspringproject.journalApp.api.response.WeatherResponse$Current.getFeelslike()" because the return value of "net.firstspringproject.journalApp.api.response.WeatherResponse.getCurrent()" is null] with root cause
java.lang.NullPointerException: Cannot invoke "net.firstspringproject.journalApp.api.response.WeatherResponse$Current.getFeelslike()" because the return value of "net.firstspringproject.journalApp.api.response.WeatherResponse.getCurrent()" is null
	at net.firstspringproject.journalApp.Controller.UserController.greeting(UserController.java:66)
	at java.base/jdk.internal.reflect.DirectMethodHandleAccessor.invoke(DirectMethodHandleAccessor.java:103)
	at java.base/java.lang.reflect.Method.invoke(Method.java:580)
	at org.springframework.web.method.support.InvocableHandlerMethod.doInvoke(InvocableHandlerMethod.java:258)
	at org.springframework.web.method.support.InvocableHandlerMethod.invokeForRequest(InvocableHandlerMethod.java:191)
	at org.springframework.web.servlet.mvc.method.annotation.ServletInvocableHandlerMethod.invokeAndHandle(ServletInvocableHandlerMethod.java:118)
	at org.springframework.web.servlet.mvc.method.annotation.RequestMappingHandlerAdapter.invokeHandlerMethod(RequestMappingHandlerAdapter.java:991)
	at org.springframework.web.servlet.mvc.method.annotation.RequestMappingHandlerAdapter.handleInternal(RequestMappingHandlerAdapter.java:896)
	at org.springframework.web.servlet.mvc.method.AbstractHandlerMethodAdapter.handle(AbstractHandlerMethodAdapter.java:87)
	at org.springframework.web.servlet.DispatcherServlet.doDispatch(DispatcherServlet.java:1089)
	at org.springframework.web.servlet.DispatcherServlet.doService(DispatcherServlet.java:979)
	at org.springframework.web.servlet.FrameworkServlet.processRequest(FrameworkServlet.java:1014)
	at org.springframework.web.servlet.FrameworkServlet.doGet(FrameworkServlet.java:903)
	at jakarta.servlet.http.HttpServlet.service(HttpServlet.java:564)
	at org.springframework.web.servlet.FrameworkServlet.service(FrameworkServlet.java:885)
	at jakarta.servlet.http.HttpServlet.service(HttpServlet.java:658)
	at org.apache.catalina.core.ApplicationFilterChain.internalDoFilter(ApplicationFilterChain.java:195)
	at org.apache.catalina.core.ApplicationFilterChain.doFilter(ApplicationFilterChain.java:140)
	at org.apache.tomcat.websocket.server.WsFilter.doFilter(WsFilter.java:51)
	at org.apache.catalina.core.ApplicationFilterChain.internalDoFilter(ApplicationFilterChain.java:164)
	at org.apache.catalina.core.ApplicationFilterChain.doFilter(ApplicationFilterChain.java:140)
	at org.springframework.web.filter.CompositeFilter$VirtualFilterChain.doFilter(CompositeFilter.java:108)
	at org.springframework.web.filter.CompositeFilter$VirtualFilterChain.doFilter(CompositeFilter.java:108)
	at org.springframework.security.web.FilterChainProxy.lambda$doFilterInternal$3(FilterChainProxy.java:231)
	at org.springframework.security.web.FilterChainProxy$VirtualFilterChain.doFilter(FilterChainProxy.java:365)
	at org.springframework.security.web.access.intercept.AuthorizationFilter.doFilter(AuthorizationFilter.java:101)
	at org.springframework.security.web.FilterChainProxy$VirtualFilterChain.doFilter(FilterChainProxy.java:374)
	at org.springframework.security.web.access.ExceptionTranslationFilter.doFilter(ExceptionTranslationFilter.java:125)
	at org.springframework.security.web.access.ExceptionTranslationFilter.doFilter(ExceptionTranslationFilter.java:119)
	at org.springframework.security.web.FilterChainProxy$VirtualFilterChain.doFilter(FilterChainProxy.java:374)
	at org.springframework.security.web.authentication.AnonymousAuthenticationFilter.doFilter(AnonymousAuthenticationFilter.java:100)
	at org.springframework.security.web.FilterChainProxy$VirtualFilterChain.doFilter(FilterChainProxy.java:374)
	at org.springframework.security.web.servletapi.SecurityContextHolderAwareRequestFilter.doFilter(SecurityContextHolderAwareRequestFilter.java:179)
	at org.springframework.security.web.FilterChainProxy$VirtualFilterChain.doFilter(FilterChainProxy.java:374)
	at org.springframework.security.web.savedrequest.RequestCacheAwareFilter.doFilter(RequestCacheAwareFilter.java:63)
	at org.springframework.security.web.FilterChainProxy$VirtualFilterChain.doFilter(FilterChainProxy.java:374)
	at org.springframework.security.web.authentication.www.BasicAuthenticationFilter.doFilterInternal(BasicAuthenticationFilter.java:213)
	at org.springframework.web.filter.OncePerRequestFilter.doFilter(OncePerRequestFilter.java:116)
	at org.springframework.security.web.FilterChainProxy$VirtualFilterChain.doFilter(FilterChainProxy.java:374)
	at org.springframework.security.web.authentication.logout.LogoutFilter.doFilter(LogoutFilter.java:107)
	at org.springframework.security.web.authentication.logout.LogoutFilter.doFilter(LogoutFilter.java:93)
	at org.springframework.security.web.FilterChainProxy$VirtualFilterChain.doFilter(FilterChainProxy.java:374)
	at org.springframework.security.web.header.HeaderWriterFilter.doHeadersAfter(HeaderWriterFilter.java:90)
	at org.springframework.security.web.header.HeaderWriterFilter.doFilterInternal(HeaderWriterFilter.java:75)
	at org.springframework.web.filter.OncePerRequestFilter.doFilter(OncePerRequestFilter.java:116)
	at org.springframework.security.web.FilterChainProxy$VirtualFilterChain.doFilter(FilterChainProxy.java:374)
	at org.springframework.security.web.context.SecurityContextHolderFilter.doFilter(SecurityContextHolderFilter.java:82)
	at org.springframework.security.web.context.SecurityContextHolderFilter.doFilter(SecurityContextHolderFilter.java:69)
	at org.springframework.security.web.FilterChainProxy$VirtualFilterChain.doFilter(FilterChainProxy.java:374)
	at org.springframework.security.web.context.request.async.WebAsyncManagerIntegrationFilter.doFilterInternal(WebAsyncManagerIntegrationFilter.java:62)
	at org.springframework.web.filter.OncePerRequestFilter.doFilter(OncePerRequestFilter.java:116)
	at org.springframework.security.web.FilterChainProxy$VirtualFilterChain.doFilter(FilterChainProxy.java:374)
	at org.springframework.security.web.session.DisableEncodeUrlFilter.doFilterInternal(DisableEncodeUrlFilter.java:42)
	at org.springframework.web.filter.OncePerRequestFilter.doFilter(OncePerRequestFilter.java:116)
	at org.springframework.security.web.FilterChainProxy$VirtualFilterChain.doFilter(FilterChainProxy.java:374)
	at org.springframework.security.web.FilterChainProxy.doFilterInternal(FilterChainProxy.java:233)
	at org.springframework.security.web.FilterChainProxy.doFilter(FilterChainProxy.java:191)
	at org.springframework.web.filter.CompositeFilter$VirtualFilterChain.doFilter(CompositeFilter.java:113)
	at org.springframework.web.filter.ServletRequestPathFilter.doFilter(ServletRequestPathFilter.java:52)
	at org.springframework.web.filter.CompositeFilter$VirtualFilterChain.doFilter(CompositeFilter.java:113)
	at org.springframework.web.filter.CompositeFilter.doFilter(CompositeFilter.java:74)
	at org.springframework.security.config.annotation.web.configuration.WebSecurityConfiguration$CompositeFilterChainProxy.doFilter(WebSecurityConfiguration.java:319)
	at org.springframework.web.filter.CompositeFilter$VirtualFilterChain.doFilter(CompositeFilter.java:113)
	at org.springframework.web.servlet.handler.HandlerMappingIntrospector.lambda$createCacheFilter$4(HandlerMappingIntrospector.java:267)
	at org.springframework.web.filter.CompositeFilter$VirtualFilterChain.doFilter(CompositeFilter.java:113)
	at org.springframework.web.filter.CompositeFilter.doFilter(CompositeFilter.java:74)
	at org.springframework.security.config.annotation.web.configuration.WebMvcSecurityConfiguration$CompositeFilterChainProxy.doFilter(WebMvcSecurityConfiguration.java:240)
	at org.springframework.web.filter.DelegatingFilterProxy.invokeDelegate(DelegatingFilterProxy.java:362)
	at org.springframework.web.filter.DelegatingFilterProxy.doFilter(DelegatingFilterProxy.java:278)
	at org.apache.catalina.core.ApplicationFilterChain.internalDoFilter(ApplicationFilterChain.java:164)
	at org.apache.catalina.core.ApplicationFilterChain.doFilter(ApplicationFilterChain.java:140)
	at org.springframework.web.filter.RequestContextFilter.doFilterInternal(RequestContextFilter.java:100)
	at org.springframework.web.filter.OncePerRequestFilter.doFilter(OncePerRequestFilter.java:116)
	at org.apache.catalina.core.ApplicationFilterChain.internalDoFilter(ApplicationFilterChain.java:164)
	at org.apache.catalina.core.ApplicationFilterChain.doFilter(ApplicationFilterChain.java:140)
	at org.springframework.web.filter.FormContentFilter.doFilterInternal(FormContentFilter.java:93)
	at org.springframework.web.filter.OncePerRequestFilter.doFilter(OncePerRequestFilter.java:116)
	at org.apache.catalina.core.ApplicationFilterChain.internalDoFilter(ApplicationFilterChain.java:164)
	at org.apache.catalina.core.ApplicationFilterChain.doFilter(ApplicationFilterChain.java:140)
	at org.springframework.web.filter.CharacterEncodingFilter.doFilterInternal(CharacterEncodingFilter.java:201)
	at org.springframework.web.filter.OncePerRequestFilter.doFilter(OncePerRequestFilter.java:116)
	at org.apache.catalina.core.ApplicationFilterChain.internalDoFilter(ApplicationFilterChain.java:164)
	at org.apache.catalina.core.ApplicationFilterChain.doFilter(ApplicationFilterChain.java:140)
	at org.apache.catalina.core.StandardWrapperValve.invoke(StandardWrapperValve.java:167)
	at org.apache.catalina.core.StandardContextValve.invoke(StandardContextValve.java:90)
	at org.apache.catalina.authenticator.AuthenticatorBase.invoke(AuthenticatorBase.java:483)
	at org.apache.catalina.core.StandardHostValve.invoke(StandardHostValve.java:116)
	at org.apache.catalina.valves.ErrorReportValve.invoke(ErrorReportValve.java:93)
	at org.apache.catalina.core.StandardEngineValve.invoke(StandardEngineValve.java:74)
	at org.apache.catalina.connector.CoyoteAdapter.service(CoyoteAdapter.java:344)
	at org.apache.coyote.http11.Http11Processor.service(Http11Processor.java:398)
	at org.apache.coyote.AbstractProcessorLight.process(AbstractProcessorLight.java:63)
	at org.apache.coyote.AbstractProtocol$ConnectionHandler.process(AbstractProtocol.java:903)
	at org.apache.tomcat.util.net.NioEndpoint$SocketProcessor.doRun(NioEndpoint.java:1769)
	at org.apache.tomcat.util.net.SocketProcessorBase.run(SocketProcessorBase.java:52)
	at org.apache.tomcat.util.threads.ThreadPoolExecutor.runWorker(ThreadPoolExecutor.java:1189)
	at org.apache.tomcat.util.threads.ThreadPoolExecutor$Worker.run(ThreadPoolExecutor.java:658)
	at org.apache.tomcat.util.threads.TaskThread$WrappingRunnable.run(TaskThread.java:63)
	at java.base/java.lang.Thread.run(Thread.java:1570)
13:01:13.561 [SpringApplicationShutdownHook] INFO  o.s.b.w.e.tomcat.GracefulShutdown - Commencing graceful shutdown. Waiting for active requests to complete
13:01:13.564 [tomcat-shutdown] INFO  o.s.b.w.e.tomcat.GracefulShutdown - Graceful shutdown complete
13:01:23.855 [main] INFO  n.f.journalApp.JournalApplication - Starting JournalApplication using Java 22.0.2 with PID 10952 (C:\SpringBoot\JournalApp\journlApp\target\classes started by Ronak Singh in C:\SpringBoot\JournalApp)
13:01:23.857 [main] INFO  n.f.journalApp.JournalApplication - The following 1 profile is active: "dev"
13:01:24.512 [main] INFO  o.s.d.r.c.RepositoryConfigurationDelegate - Bootstrapping Spring Data MongoDB repositories in DEFAULT mode.
13:01:24.575 [main] INFO  o.s.d.r.c.RepositoryConfigurationDelegate - Finished Spring Data repository scanning in 56 ms. Found 3 MongoDB repository interfaces.
13:01:25.075 [main] INFO  o.s.b.w.e.tomcat.TomcatWebServer - Tomcat initialized with port 8080 (http)
13:01:25.098 [main] INFO  o.a.coyote.http11.Http11NioProtocol - Initializing ProtocolHandler ["http-nio-8080"]
13:01:25.101 [main] INFO  o.a.catalina.core.StandardService - Starting service [Tomcat]
13:01:25.101 [main] INFO  o.a.catalina.core.StandardEngine - Starting Servlet engine: [Apache Tomcat/10.1.43]
13:01:25.167 [main] INFO  o.a.c.c.C.[.[localhost].[/journal] - Initializing Spring embedded WebApplicationContext
13:01:25.167 [main] INFO  o.s.b.w.s.c.ServletWebServerApplicationContext - Root WebApplicationContext: initialization completed in 1261 ms
13:01:25.568 [main] INFO  org.mongodb.driver.client - MongoClient with metadata {"application": {"name": "Cluster0"}, "driver": {"name": "mongo-java-driver|sync|spring-boot", "version": "5.5.1"}, "os": {"type": "Windows", "name": "Windows 11", "architecture": "amd64", "version": "10.0"}, "platform": "Java/Oracle Corporation/22.0.2+9-70"} created with settings MongoClientSettings{readPreference=primary, writeConcern=WriteConcern{w=majority, wTimeout=null ms, journal=null}, retryWrites=true, retryReads=true, readConcern=ReadConcern{level=null}, credential=MongoCredential{mechanism=null, userName='ronaksingh201106', source='admin', password=<hidden>, mechanismProperties=<hidden>}, transportSettings=null, commandListeners=[], codecRegistry=ProvidersCodecRegistry{codecProviders=[ValueCodecProvider{}, BsonValueCodecProvider{}, DBRefCodecProvider{}, DBObjectCodecProvider{}, DocumentCodecProvider{}, CollectionCodecProvider{}, IterableCodecProvider{}, MapCodecProvider{}, GeoJsonCodecProvider{}, GridFSFileCodecProvider{}, Jsr310CodecProvider{}, JsonObjectCodecProvider{}, BsonCodecProvider{}, EnumCodecProvider{}, com.mongodb.client.model.mql.ExpressionCodecProvider@99a8de3, com.mongodb.Jep395RecordCodecProvider@87f501f, com.mongodb.KotlinCodecProvider@54495935]}, loggerSettings=LoggerSettings{maxDocumentLength=1000}, clusterSettings={hosts=[127.0.0.1:27017], srvHost=cluster0.ztraaqo.mongodb.net, srvServiceName=mongodb, mode=MULTIPLE, requiredClusterType=REPLICA_SET, requiredReplicaSetName='atlas-et1gmu-shard-0', serverSelector='null', clusterListeners='[]', serverSelectionTimeout='30000 ms', localThreshold='15 ms'}, socketSettings=SocketSettings{connectTimeoutMS=10000, readTimeoutMS=0, receiveBufferSize=0, proxySettings=ProxySettings{host=null, port=null, username=null, password=null}}, heartbeatSocketSettings=SocketSettings{connectTimeoutMS=10000, readTimeoutMS=10000, receiveBufferSize=0, proxySettings=ProxySettings{host=null, port=null, username=null, password=null}}, connectionPoolSettings=ConnectionPoolSettings{maxSize=100, minSize=0, maxWaitTimeMS=120000, maxConnectionLifeTimeMS=0, maxConnectionIdleTimeMS=0, maintenanceInitialDelayMS=0, maintenanceFrequencyMS=60000, connectionPoolListeners=[], maxConnecting=2}, serverSettings=ServerSettings{heartbeatFrequencyMS=10000, minHeartbeatFrequencyMS=500, serverMonitoringMode=AUTO, serverListeners='[]', serverMonitorListeners='[]'}, sslSettings=SslSettings{enabled=true, invalidHostNameAllowed=false, context=null}, applicationName='Cluster0', compressorList=[], uuidRepresentation=JAVA_LEGACY, serverApi=null, autoEncryptionSettings=null, dnsClient=null, inetAddressResolver=null, contextProvider=null, timeoutMS=null}
13:01:25.775 [cluster-ClusterId{value='68a2d6cde0e951e89a899682', description='Cluster0'}-srv-cluster0.ztraaqo.mongodb.net] INFO  org.mongodb.driver.cluster - Adding discovered server ac-ei1dnxw-shard-00-02.ztraaqo.mongodb.net:27017 to client view of cluster
13:01:25.831 [cluster-ClusterId{value='68a2d6cde0e951e89a899682', description='Cluster0'}-srv-cluster0.ztraaqo.mongodb.net] INFO  org.mongodb.driver.cluster - Adding discovered server ac-ei1dnxw-shard-00-01.ztraaqo.mongodb.net:27017 to client view of cluster
13:01:25.833 [cluster-ClusterId{value='68a2d6cde0e951e89a899682', description='Cluster0'}-srv-cluster0.ztraaqo.mongodb.net] INFO  org.mongodb.driver.cluster - Adding discovered server ac-ei1dnxw-shard-00-00.ztraaqo.mongodb.net:27017 to client view of cluster
13:01:26.095 [main] INFO  org.mongodb.driver.cluster - Waiting for server to become available for operation with ID 5. Remaining time: 29942 ms. Selector: WritableServerSelector, topology description: {type=REPLICA_SET, servers=[{address=ac-ei1dnxw-shard-00-01.ztraaqo.mongodb.net:27017, type=UNKNOWN, state=CONNECTING}, {address=ac-ei1dnxw-shard-00-02.ztraaqo.mongodb.net:27017, type=UNKNOWN, state=CONNECTING}, {address=ac-ei1dnxw-shard-00-00.ztraaqo.mongodb.net:27017, type=UNKNOWN, state=CONNECTING}].
13:01:26.517 [cluster-ClusterId{value='68a2d6cde0e951e89a899682', description='Cluster0'}-ac-ei1dnxw-shard-00-02.ztraaqo.mongodb.net:27017] INFO  org.mongodb.driver.cluster - Monitor thread successfully connected to server with description ServerDescription{address=ac-ei1dnxw-shard-00-02.ztraaqo.mongodb.net:27017, type=REPLICA_SET_PRIMARY, cryptd=false, state=CONNECTED, ok=true, minWireVersion=0, maxWireVersion=25, maxDocumentSize=16777216, logicalSessionTimeoutMinutes=30, roundTripTimeNanos=312808100, minRoundTripTimeNanos=0, setName='atlas-et1gmu-shard-0', canonicalAddress=ac-ei1dnxw-shard-00-02.ztraaqo.mongodb.net:27017, hosts=[ac-ei1dnxw-shard-00-02.ztraaqo.mongodb.net:27017, ac-ei1dnxw-shard-00-00.ztraaqo.mongodb.net:27017, ac-ei1dnxw-shard-00-01.ztraaqo.mongodb.net:27017], passives=[], arbiters=[], primary='ac-ei1dnxw-shard-00-02.ztraaqo.mongodb.net:27017', tagSet=TagSet{[Tag{name='availabilityZone', value='aps1-az2'}, Tag{name='diskState', value='READY'}, Tag{name='nodeType', value='ELECTABLE'}, Tag{name='provider', value='AWS'}, Tag{name='region', value='AP_SOUTH_1'}, Tag{name='workloadType', value='OPERATIONAL'}]}, electionId=7fffffff0000000000000033, setVersion=10, topologyVersion=TopologyVersion{processId=68a2136a5fde4c84ecd4a012, counter=6}, lastWriteDate=Mon Aug 18 13:01:22 IST 2025, lastUpdateTimeNanos=8249569064200}
13:01:26.517 [cluster-ClusterId{value='68a2d6cde0e951e89a899682', description='Cluster0'}-ac-ei1dnxw-shard-00-01.ztraaqo.mongodb.net:27017] INFO  org.mongodb.driver.cluster - Monitor thread successfully connected to server with description ServerDescription{address=ac-ei1dnxw-shard-00-01.ztraaqo.mongodb.net:27017, type=REPLICA_SET_SECONDARY, cryptd=false, state=CONNECTED, ok=true, minWireVersion=0, maxWireVersion=25, maxDocumentSize=16777216, logicalSessionTimeoutMinutes=30, roundTripTimeNanos=312530700, minRoundTripTimeNanos=0, setName='atlas-et1gmu-shard-0', canonicalAddress=ac-ei1dnxw-shard-00-01.ztraaqo.mongodb.net:27017, hosts=[ac-ei1dnxw-shard-00-02.ztraaqo.mongodb.net:27017, ac-ei1dnxw-shard-00-00.ztraaqo.mongodb.net:27017, ac-ei1dnxw-shard-00-01.ztraaqo.mongodb.net:27017], passives=[], arbiters=[], primary='ac-ei1dnxw-shard-00-02.ztraaqo.mongodb.net:27017', tagSet=TagSet{[Tag{name='availabilityZone', value='aps1-az3'}, Tag{name='diskState', value='READY'}, Tag{name='nodeType', value='ELECTABLE'}, Tag{name='provider', value='AWS'}, Tag{name='region', value='AP_SOUTH_1'}, Tag{name='workloadType', value='OPERATIONAL'}]}, electionId=null, setVersion=10, topologyVersion=TopologyVersion{processId=68a215cc93cbde9c96f801a6, counter=3}, lastWriteDate=Mon Aug 18 13:01:22 IST 2025, lastUpdateTimeNanos=8249568920300}
13:01:26.517 [cluster-ClusterId{value='68a2d6cde0e951e89a899682', description='Cluster0'}-ac-ei1dnxw-shard-00-00.ztraaqo.mongodb.net:27017] INFO  org.mongodb.driver.cluster - Monitor thread successfully connected to server with description ServerDescription{address=ac-ei1dnxw-shard-00-00.ztraaqo.mongodb.net:27017, type=REPLICA_SET_SECONDARY, cryptd=false, state=CONNECTED, ok=true, minWireVersion=0, maxWireVersion=25, maxDocumentSize=16777216, logicalSessionTimeoutMinutes=30, roundTripTimeNanos=312785600, minRoundTripTimeNanos=0, setName='atlas-et1gmu-shard-0', canonicalAddress=ac-ei1dnxw-shard-00-00.ztraaqo.mongodb.net:27017, hosts=[ac-ei1dnxw-shard-00-02.ztraaqo.mongodb.net:27017, ac-ei1dnxw-shard-00-00.ztraaqo.mongodb.net:27017, ac-ei1dnxw-shard-00-01.ztraaqo.mongodb.net:27017], passives=[], arbiters=[], primary='ac-ei1dnxw-shard-00-02.ztraaqo.mongodb.net:27017', tagSet=TagSet{[Tag{name='availabilityZone', value='aps1-az1'}, Tag{name='diskState', value='READY'}, Tag{name='nodeType', value='ELECTABLE'}, Tag{name='provider', value='AWS'}, Tag{name='region', value='AP_SOUTH_1'}, Tag{name='workloadType', value='OPERATIONAL'}]}, electionId=null, setVersion=10, topologyVersion=TopologyVersion{processId=68a2145c42d8d88c4af5ea6c, counter=4}, lastWriteDate=Mon Aug 18 13:01:22 IST 2025, lastUpdateTimeNanos=8249568920200}
13:01:26.522 [cluster-ClusterId{value='68a2d6cde0e951e89a899682', description='Cluster0'}-ac-ei1dnxw-shard-00-02.ztraaqo.mongodb.net:27017] INFO  org.mongodb.driver.cluster - Discovered replica set primary ac-ei1dnxw-shard-00-02.ztraaqo.mongodb.net:27017 with max election id 7fffffff0000000000000033 and max set version 10
13:02:05.554 [main] INFO  o.s.s.c.a.a.c.InitializeUserDetailsBeanManagerConfigurer$InitializeUserDetailsManagerConfigurer - Global AuthenticationManager configured with UserDetailsService bean with name userDetailsServiceImpl
13:02:05.796 [main] INFO  o.s.b.w.e.tomcat.TomcatWebServer - Tomcat started on port 8080 (http) with context path '/journal'
13:02:05.803 [main] INFO  n.f.journalApp.JournalApplication - Started JournalApplication in 42.419 seconds (process running for 43.094)
13:02:05.806 [SpringApplicationShutdownHook] INFO  o.s.b.w.e.tomcat.GracefulShutdown - Commencing graceful shutdown. Waiting for active requests to complete
13:02:05.810 [tomcat-shutdown] INFO  o.s.b.w.e.tomcat.GracefulShutdown - Graceful shutdown complete
13:02:24.986 [main] INFO  n.f.journalApp.JournalApplication - Starting JournalApplication using Java 22.0.2 with PID 20016 (C:\SpringBoot\JournalApp\journlApp\target\classes started by Ronak Singh in C:\SpringBoot\JournalApp)
13:02:24.989 [main] INFO  n.f.journalApp.JournalApplication - The following 1 profile is active: "dev"
13:02:25.660 [main] INFO  o.s.d.r.c.RepositoryConfigurationDelegate - Bootstrapping Spring Data MongoDB repositories in DEFAULT mode.
13:02:25.724 [main] INFO  o.s.d.r.c.RepositoryConfigurationDelegate - Finished Spring Data repository scanning in 58 ms. Found 3 MongoDB repository interfaces.
13:02:26.230 [main] INFO  o.s.b.w.e.tomcat.TomcatWebServer - Tomcat initialized with port 8080 (http)
13:02:26.249 [main] INFO  o.a.coyote.http11.Http11NioProtocol - Initializing ProtocolHandler ["http-nio-8080"]
13:02:26.251 [main] INFO  o.a.catalina.core.StandardService - Starting service [Tomcat]
13:02:26.251 [main] INFO  o.a.catalina.core.StandardEngine - Starting Servlet engine: [Apache Tomcat/10.1.43]
13:02:26.308 [main] INFO  o.a.c.c.C.[.[localhost].[/journal] - Initializing Spring embedded WebApplicationContext
13:02:26.308 [main] INFO  o.s.b.w.s.c.ServletWebServerApplicationContext - Root WebApplicationContext: initialization completed in 1264 ms
13:02:26.554 [cluster-ClusterId{value='68a2d70adfce2ca6039fdefd', description='Cluster0'}-srv-cluster0.ztraaqo.mongodb.net] INFO  org.mongodb.driver.cluster - Adding discovered server ac-ei1dnxw-shard-00-02.ztraaqo.mongodb.net:27017 to client view of cluster
13:02:26.563 [main] INFO  org.mongodb.driver.client - MongoClient with metadata {"application": {"name": "Cluster0"}, "driver": {"name": "mongo-java-driver|sync|spring-boot", "version": "5.5.1"}, "os": {"type": "Windows", "name": "Windows 11", "architecture": "amd64", "version": "10.0"}, "platform": "Java/Oracle Corporation/22.0.2+9-70"} created with settings MongoClientSettings{readPreference=primary, writeConcern=WriteConcern{w=majority, wTimeout=null ms, journal=null}, retryWrites=true, retryReads=true, readConcern=ReadConcern{level=null}, credential=MongoCredential{mechanism=null, userName='ronaksingh201106', source='admin', password=<hidden>, mechanismProperties=<hidden>}, transportSettings=null, commandListeners=[], codecRegistry=ProvidersCodecRegistry{codecProviders=[ValueCodecProvider{}, BsonValueCodecProvider{}, DBRefCodecProvider{}, DBObjectCodecProvider{}, DocumentCodecProvider{}, CollectionCodecProvider{}, IterableCodecProvider{}, MapCodecProvider{}, GeoJsonCodecProvider{}, GridFSFileCodecProvider{}, Jsr310CodecProvider{}, JsonObjectCodecProvider{}, BsonCodecProvider{}, EnumCodecProvider{}, com.mongodb.client.model.mql.ExpressionCodecProvider@ca7e37f, com.mongodb.Jep395RecordCodecProvider@99a8de3, com.mongodb.KotlinCodecProvider@87f501f]}, loggerSettings=LoggerSettings{maxDocumentLength=1000}, clusterSettings={hosts=[127.0.0.1:27017], srvHost=cluster0.ztraaqo.mongodb.net, srvServiceName=mongodb, mode=MULTIPLE, requiredClusterType=REPLICA_SET, requiredReplicaSetName='atlas-et1gmu-shard-0', serverSelector='null', clusterListeners='[]', serverSelectionTimeout='30000 ms', localThreshold='15 ms'}, socketSettings=SocketSettings{connectTimeoutMS=10000, readTimeoutMS=0, receiveBufferSize=0, proxySettings=ProxySettings{host=null, port=null, username=null, password=null}}, heartbeatSocketSettings=SocketSettings{connectTimeoutMS=10000, readTimeoutMS=10000, receiveBufferSize=0, proxySettings=ProxySettings{host=null, port=null, username=null, password=null}}, connectionPoolSettings=ConnectionPoolSettings{maxSize=100, minSize=0, maxWaitTimeMS=120000, maxConnectionLifeTimeMS=0, maxConnectionIdleTimeMS=0, maintenanceInitialDelayMS=0, maintenanceFrequencyMS=60000, connectionPoolListeners=[], maxConnecting=2}, serverSettings=ServerSettings{heartbeatFrequencyMS=10000, minHeartbeatFrequencyMS=500, serverMonitoringMode=AUTO, serverListeners='[]', serverMonitorListeners='[]'}, sslSettings=SslSettings{enabled=true, invalidHostNameAllowed=false, context=null}, applicationName='Cluster0', compressorList=[], uuidRepresentation=JAVA_LEGACY, serverApi=null, autoEncryptionSettings=null, dnsClient=null, inetAddressResolver=null, contextProvider=null, timeoutMS=null}
13:02:26.578 [cluster-ClusterId{value='68a2d70adfce2ca6039fdefd', description='Cluster0'}-srv-cluster0.ztraaqo.mongodb.net] INFO  org.mongodb.driver.cluster - Adding discovered server ac-ei1dnxw-shard-00-01.ztraaqo.mongodb.net:27017 to client view of cluster
13:02:26.581 [cluster-ClusterId{value='68a2d70adfce2ca6039fdefd', description='Cluster0'}-srv-cluster0.ztraaqo.mongodb.net] INFO  org.mongodb.driver.cluster - Adding discovered server ac-ei1dnxw-shard-00-00.ztraaqo.mongodb.net:27017 to client view of cluster
13:02:26.875 [main] INFO  org.mongodb.driver.cluster - Waiting for server to become available for operation with ID 5. Remaining time: 29993 ms. Selector: WritableServerSelector, topology description: {type=REPLICA_SET, servers=[{address=ac-ei1dnxw-shard-00-01.ztraaqo.mongodb.net:27017, type=UNKNOWN, state=CONNECTING}, {address=ac-ei1dnxw-shard-00-02.ztraaqo.mongodb.net:27017, type=UNKNOWN, state=CONNECTING}, {address=ac-ei1dnxw-shard-00-00.ztraaqo.mongodb.net:27017, type=UNKNOWN, state=CONNECTING}].
13:02:27.049 [cluster-ClusterId{value='68a2d70adfce2ca6039fdefd', description='Cluster0'}-ac-ei1dnxw-shard-00-02.ztraaqo.mongodb.net:27017] INFO  org.mongodb.driver.cluster - Monitor thread successfully connected to server with description ServerDescription{address=ac-ei1dnxw-shard-00-02.ztraaqo.mongodb.net:27017, type=REPLICA_SET_PRIMARY, cryptd=false, state=CONNECTED, ok=true, minWireVersion=0, maxWireVersion=25, maxDocumentSize=16777216, logicalSessionTimeoutMinutes=30, roundTripTimeNanos=266415700, minRoundTripTimeNanos=0, setName='atlas-et1gmu-shard-0', canonicalAddress=ac-ei1dnxw-shard-00-02.ztraaqo.mongodb.net:27017, hosts=[ac-ei1dnxw-shard-00-02.ztraaqo.mongodb.net:27017, ac-ei1dnxw-shard-00-00.ztraaqo.mongodb.net:27017, ac-ei1dnxw-shard-00-01.ztraaqo.mongodb.net:27017], passives=[], arbiters=[], primary='ac-ei1dnxw-shard-00-02.ztraaqo.mongodb.net:27017', tagSet=TagSet{[Tag{name='availabilityZone', value='aps1-az2'}, Tag{name='diskState', value='READY'}, Tag{name='nodeType', value='ELECTABLE'}, Tag{name='provider', value='AWS'}, Tag{name='region', value='AP_SOUTH_1'}, Tag{name='workloadType', value='OPERATIONAL'}]}, electionId=7fffffff0000000000000033, setVersion=10, topologyVersion=TopologyVersion{processId=68a2136a5fde4c84ecd4a012, counter=6}, lastWriteDate=Mon Aug 18 13:02:27 IST 2025, lastUpdateTimeNanos=8310100934900}
13:02:27.049 [cluster-ClusterId{value='68a2d70adfce2ca6039fdefd', description='Cluster0'}-ac-ei1dnxw-shard-00-01.ztraaqo.mongodb.net:27017] INFO  org.mongodb.driver.cluster - Monitor thread successfully connected to server with description ServerDescription{address=ac-ei1dnxw-shard-00-01.ztraaqo.mongodb.net:27017, type=REPLICA_SET_SECONDARY, cryptd=false, state=CONNECTED, ok=true, minWireVersion=0, maxWireVersion=25, maxDocumentSize=16777216, logicalSessionTimeoutMinutes=30, roundTripTimeNanos=266416000, minRoundTripTimeNanos=0, setName='atlas-et1gmu-shard-0', canonicalAddress=ac-ei1dnxw-shard-00-01.ztraaqo.mongodb.net:27017, hosts=[ac-ei1dnxw-shard-00-02.ztraaqo.mongodb.net:27017, ac-ei1dnxw-shard-00-00.ztraaqo.mongodb.net:27017, ac-ei1dnxw-shard-00-01.ztraaqo.mongodb.net:27017], passives=[], arbiters=[], primary='ac-ei1dnxw-shard-00-02.ztraaqo.mongodb.net:27017', tagSet=TagSet{[Tag{name='availabilityZone', value='aps1-az3'}, Tag{name='diskState', value='READY'}, Tag{name='nodeType', value='ELECTABLE'}, Tag{name='provider', value='AWS'}, Tag{name='region', value='AP_SOUTH_1'}, Tag{name='workloadType', value='OPERATIONAL'}]}, electionId=null, setVersion=10, topologyVersion=TopologyVersion{processId=68a215cc93cbde9c96f801a6, counter=3}, lastWriteDate=Mon Aug 18 13:02:27 IST 2025, lastUpdateTimeNanos=8310100934900}
13:02:27.049 [cluster-ClusterId{value='68a2d70adfce2ca6039fdefd', description='Cluster0'}-ac-ei1dnxw-shard-00-00.ztraaqo.mongodb.net:27017] INFO  org.mongodb.driver.cluster - Monitor thread successfully connected to server with description ServerDescription{address=ac-ei1dnxw-shard-00-00.ztraaqo.mongodb.net:27017, type=REPLICA_SET_SECONDARY, cryptd=false, state=CONNECTED, ok=true, minWireVersion=0, maxWireVersion=25, maxDocumentSize=16777216, logicalSessionTimeoutMinutes=30, roundTripTimeNanos=266415900, minRoundTripTimeNanos=0, setName='atlas-et1gmu-shard-0', canonicalAddress=ac-ei1dnxw-shard-00-00.ztraaqo.mongodb.net:27017, hosts=[ac-ei1dnxw-shard-00-02.ztraaqo.mongodb.net:27017, ac-ei1dnxw-shard-00-00.ztraaqo.mongodb.net:27017, ac-ei1dnxw-shard-00-01.ztraaqo.mongodb.net:27017], passives=[], arbiters=[], primary='ac-ei1dnxw-shard-00-02.ztraaqo.mongodb.net:27017', tagSet=TagSet{[Tag{name='availabilityZone', value='aps1-az1'}, Tag{name='diskState', value='READY'}, Tag{name='nodeType', value='ELECTABLE'}, Tag{name='provider', value='AWS'}, Tag{name='region', value='AP_SOUTH_1'}, Tag{name='workloadType', value='OPERATIONAL'}]}, electionId=null, setVersion=10, topologyVersion=TopologyVersion{processId=68a2145c42d8d88c4af5ea6c, counter=4}, lastWriteDate=Mon Aug 18 13:02:27 IST 2025, lastUpdateTimeNanos=8310100935000}
13:02:27.053 [cluster-ClusterId{value='68a2d70adfce2ca6039fdefd', description='Cluster0'}-ac-ei1dnxw-shard-00-02.ztraaqo.mongodb.net:27017] INFO  org.mongodb.driver.cluster - Discovered replica set primary ac-ei1dnxw-shard-00-02.ztraaqo.mongodb.net:27017 with max election id 7fffffff0000000000000033 and max set version 10
13:02:27.937 [main] INFO  o.s.s.c.a.a.c.InitializeUserDetailsBeanManagerConfigurer$InitializeUserDetailsManagerConfigurer - Global AuthenticationManager configured with UserDetailsService bean with name userDetailsServiceImpl
13:02:28.331 [main] INFO  o.a.coyote.http11.Http11NioProtocol - Starting ProtocolHandler ["http-nio-8080"]
13:02:28.350 [main] INFO  o.s.b.w.e.tomcat.TomcatWebServer - Tomcat started on port 8080 (http) with context path '/journal'
13:02:28.361 [main] INFO  n.f.journalApp.JournalApplication - Started JournalApplication in 3.866 seconds (process running for 4.532)
13:02:34.549 [http-nio-8080-exec-1] INFO  o.a.c.c.C.[.[localhost].[/journal] - Initializing Spring DispatcherServlet 'dispatcherServlet'
13:02:34.549 [http-nio-8080-exec-1] INFO  o.s.web.servlet.DispatcherServlet - Initializing Servlet 'dispatcherServlet'
13:02:34.550 [http-nio-8080-exec-1] INFO  o.s.web.servlet.DispatcherServlet - Completed initialization in 1 ms
13:03:19.650 [SpringApplicationShutdownHook] INFO  o.s.b.w.e.tomcat.GracefulShutdown - Commencing graceful shutdown. Waiting for active requests to complete
13:03:20.451 [tomcat-shutdown] INFO  o.s.b.w.e.tomcat.GracefulShutdown - Graceful shutdown complete
13:03:43.814 [main] INFO  n.f.journalApp.JournalApplication - Starting JournalApplication using Java 22.0.2 with PID 1660 (C:\SpringBoot\JournalApp\journlApp\target\classes started by Ronak Singh in C:\SpringBoot\JournalApp)
13:03:43.816 [main] INFO  n.f.journalApp.JournalApplication - The following 1 profile is active: "dev"
13:03:44.502 [main] INFO  o.s.d.r.c.RepositoryConfigurationDelegate - Bootstrapping Spring Data MongoDB repositories in DEFAULT mode.
13:03:44.561 [main] INFO  o.s.d.r.c.RepositoryConfigurationDelegate - Finished Spring Data repository scanning in 53 ms. Found 3 MongoDB repository interfaces.
13:03:45.048 [main] INFO  o.s.b.w.e.tomcat.TomcatWebServer - Tomcat initialized with port 8080 (http)
13:03:45.070 [main] INFO  o.a.coyote.http11.Http11NioProtocol - Initializing ProtocolHandler ["http-nio-8080"]
13:03:45.072 [main] INFO  o.a.catalina.core.StandardService - Starting service [Tomcat]
13:03:45.073 [main] INFO  o.a.catalina.core.StandardEngine - Starting Servlet engine: [Apache Tomcat/10.1.43]
13:03:45.127 [main] INFO  o.a.c.c.C.[.[localhost].[/journal] - Initializing Spring embedded WebApplicationContext
13:03:45.127 [main] INFO  o.s.b.w.s.c.ServletWebServerApplicationContext - Root WebApplicationContext: initialization completed in 1258 ms
13:03:45.367 [cluster-ClusterId{value='68a2d75906351b2cb8827492', description='Cluster0'}-srv-cluster0.ztraaqo.mongodb.net] INFO  org.mongodb.driver.cluster - Adding discovered server ac-ei1dnxw-shard-00-02.ztraaqo.mongodb.net:27017 to client view of cluster
13:03:45.388 [main] INFO  org.mongodb.driver.client - MongoClient with metadata {"application": {"name": "Cluster0"}, "driver": {"name": "mongo-java-driver|sync|spring-boot", "version": "5.5.1"}, "os": {"type": "Windows", "name": "Windows 11", "architecture": "amd64", "version": "10.0"}, "platform": "Java/Oracle Corporation/22.0.2+9-70"} created with settings MongoClientSettings{readPreference=primary, writeConcern=WriteConcern{w=majority, wTimeout=null ms, journal=null}, retryWrites=true, retryReads=true, readConcern=ReadConcern{level=null}, credential=MongoCredential{mechanism=null, userName='ronaksingh201106', source='admin', password=<hidden>, mechanismProperties=<hidden>}, transportSettings=null, commandListeners=[], codecRegistry=ProvidersCodecRegistry{codecProviders=[ValueCodecProvider{}, BsonValueCodecProvider{}, DBRefCodecProvider{}, DBObjectCodecProvider{}, DocumentCodecProvider{}, CollectionCodecProvider{}, IterableCodecProvider{}, MapCodecProvider{}, GeoJsonCodecProvider{}, GridFSFileCodecProvider{}, Jsr310CodecProvider{}, JsonObjectCodecProvider{}, BsonCodecProvider{}, EnumCodecProvider{}, com.mongodb.client.model.mql.ExpressionCodecProvider@87f501f, com.mongodb.Jep395RecordCodecProvider@54495935, com.mongodb.KotlinCodecProvider@67c6f4d8]}, loggerSettings=LoggerSettings{maxDocumentLength=1000}, clusterSettings={hosts=[127.0.0.1:27017], srvHost=cluster0.ztraaqo.mongodb.net, srvServiceName=mongodb, mode=MULTIPLE, requiredClusterType=REPLICA_SET, requiredReplicaSetName='atlas-et1gmu-shard-0', serverSelector='null', clusterListeners='[]', serverSelectionTimeout='30000 ms', localThreshold='15 ms'}, socketSettings=SocketSettings{connectTimeoutMS=10000, readTimeoutMS=0, receiveBufferSize=0, proxySettings=ProxySettings{host=null, port=null, username=null, password=null}}, heartbeatSocketSettings=SocketSettings{connectTimeoutMS=10000, readTimeoutMS=10000, receiveBufferSize=0, proxySettings=ProxySettings{host=null, port=null, username=null, password=null}}, connectionPoolSettings=ConnectionPoolSettings{maxSize=100, minSize=0, maxWaitTimeMS=120000, maxConnectionLifeTimeMS=0, maxConnectionIdleTimeMS=0, maintenanceInitialDelayMS=0, maintenanceFrequencyMS=60000, connectionPoolListeners=[], maxConnecting=2}, serverSettings=ServerSettings{heartbeatFrequencyMS=10000, minHeartbeatFrequencyMS=500, serverMonitoringMode=AUTO, serverListeners='[]', serverMonitorListeners='[]'}, sslSettings=SslSettings{enabled=true, invalidHostNameAllowed=false, context=null}, applicationName='Cluster0', compressorList=[], uuidRepresentation=JAVA_LEGACY, serverApi=null, autoEncryptionSettings=null, dnsClient=null, inetAddressResolver=null, contextProvider=null, timeoutMS=null}
13:03:45.394 [cluster-ClusterId{value='68a2d75906351b2cb8827492', description='Cluster0'}-srv-cluster0.ztraaqo.mongodb.net] INFO  org.mongodb.driver.cluster - Adding discovered server ac-ei1dnxw-shard-00-01.ztraaqo.mongodb.net:27017 to client view of cluster
13:03:45.397 [cluster-ClusterId{value='68a2d75906351b2cb8827492', description='Cluster0'}-srv-cluster0.ztraaqo.mongodb.net] INFO  org.mongodb.driver.cluster - Adding discovered server ac-ei1dnxw-shard-00-00.ztraaqo.mongodb.net:27017 to client view of cluster
13:03:45.687 [main] INFO  org.mongodb.driver.cluster - Waiting for server to become available for operation with ID 5. Remaining time: 29992 ms. Selector: WritableServerSelector, topology description: {type=REPLICA_SET, servers=[{address=ac-ei1dnxw-shard-00-01.ztraaqo.mongodb.net:27017, type=UNKNOWN, state=CONNECTING}, {address=ac-ei1dnxw-shard-00-02.ztraaqo.mongodb.net:27017, type=UNKNOWN, state=CONNECTING}, {address=ac-ei1dnxw-shard-00-00.ztraaqo.mongodb.net:27017, type=UNKNOWN, state=CONNECTING}].
13:03:45.902 [cluster-ClusterId{value='68a2d75906351b2cb8827492', description='Cluster0'}-ac-ei1dnxw-shard-00-02.ztraaqo.mongodb.net:27017] INFO  org.mongodb.driver.cluster - Monitor thread successfully connected to server with description ServerDescription{address=ac-ei1dnxw-shard-00-02.ztraaqo.mongodb.net:27017, type=REPLICA_SET_PRIMARY, cryptd=false, state=CONNECTED, ok=true, minWireVersion=0, maxWireVersion=25, maxDocumentSize=16777216, logicalSessionTimeoutMinutes=30, roundTripTimeNanos=317408300, minRoundTripTimeNanos=0, setName='atlas-et1gmu-shard-0', canonicalAddress=ac-ei1dnxw-shard-00-02.ztraaqo.mongodb.net:27017, hosts=[ac-ei1dnxw-shard-00-02.ztraaqo.mongodb.net:27017, ac-ei1dnxw-shard-00-00.ztraaqo.mongodb.net:27017, ac-ei1dnxw-shard-00-01.ztraaqo.mongodb.net:27017], passives=[], arbiters=[], primary='ac-ei1dnxw-shard-00-02.ztraaqo.mongodb.net:27017', tagSet=TagSet{[Tag{name='availabilityZone', value='aps1-az2'}, Tag{name='diskState', value='READY'}, Tag{name='nodeType', value='ELECTABLE'}, Tag{name='provider', value='AWS'}, Tag{name='region', value='AP_SOUTH_1'}, Tag{name='workloadType', value='OPERATIONAL'}]}, electionId=7fffffff0000000000000033, setVersion=10, topologyVersion=TopologyVersion{processId=68a2136a5fde4c84ecd4a012, counter=6}, lastWriteDate=Mon Aug 18 13:03:44 IST 2025, lastUpdateTimeNanos=8388954433400}
13:03:45.902 [cluster-ClusterId{value='68a2d75906351b2cb8827492', description='Cluster0'}-ac-ei1dnxw-shard-00-01.ztraaqo.mongodb.net:27017] INFO  org.mongodb.driver.cluster - Monitor thread successfully connected to server with description ServerDescription{address=ac-ei1dnxw-shard-00-01.ztraaqo.mongodb.net:27017, type=REPLICA_SET_SECONDARY, cryptd=false, state=CONNECTED, ok=true, minWireVersion=0, maxWireVersion=25, maxDocumentSize=16777216, logicalSessionTimeoutMinutes=30, roundTripTimeNanos=317408500, minRoundTripTimeNanos=0, setName='atlas-et1gmu-shard-0', canonicalAddress=ac-ei1dnxw-shard-00-01.ztraaqo.mongodb.net:27017, hosts=[ac-ei1dnxw-shard-00-02.ztraaqo.mongodb.net:27017, ac-ei1dnxw-shard-00-00.ztraaqo.mongodb.net:27017, ac-ei1dnxw-shard-00-01.ztraaqo.mongodb.net:27017], passives=[], arbiters=[], primary='ac-ei1dnxw-shard-00-02.ztraaqo.mongodb.net:27017', tagSet=TagSet{[Tag{name='availabilityZone', value='aps1-az3'}, Tag{name='diskState', value='READY'}, Tag{name='nodeType', value='ELECTABLE'}, Tag{name='provider', value='AWS'}, Tag{name='region', value='AP_SOUTH_1'}, Tag{name='workloadType', value='OPERATIONAL'}]}, electionId=null, setVersion=10, topologyVersion=TopologyVersion{processId=68a215cc93cbde9c96f801a6, counter=3}, lastWriteDate=Mon Aug 18 13:03:44 IST 2025, lastUpdateTimeNanos=8388954433400}
13:03:45.902 [cluster-ClusterId{value='68a2d75906351b2cb8827492', description='Cluster0'}-ac-ei1dnxw-shard-00-00.ztraaqo.mongodb.net:27017] INFO  org.mongodb.driver.cluster - Monitor thread successfully connected to server with description ServerDescription{address=ac-ei1dnxw-shard-00-00.ztraaqo.mongodb.net:27017, type=REPLICA_SET_SECONDARY, cryptd=false, state=CONNECTED, ok=true, minWireVersion=0, maxWireVersion=25, maxDocumentSize=16777216, logicalSessionTimeoutMinutes=30, roundTripTimeNanos=317409500, minRoundTripTimeNanos=0, setName='atlas-et1gmu-shard-0', canonicalAddress=ac-ei1dnxw-shard-00-00.ztraaqo.mongodb.net:27017, hosts=[ac-ei1dnxw-shard-00-02.ztraaqo.mongodb.net:27017, ac-ei1dnxw-shard-00-00.ztraaqo.mongodb.net:27017, ac-ei1dnxw-shard-00-01.ztraaqo.mongodb.net:27017], passives=[], arbiters=[], primary='ac-ei1dnxw-shard-00-02.ztraaqo.mongodb.net:27017', tagSet=TagSet{[Tag{name='availabilityZone', value='aps1-az1'}, Tag{name='diskState', value='READY'}, Tag{name='nodeType', value='ELECTABLE'}, Tag{name='provider', value='AWS'}, Tag{name='region', value='AP_SOUTH_1'}, Tag{name='workloadType', value='OPERATIONAL'}]}, electionId=null, setVersion=10, topologyVersion=TopologyVersion{processId=68a2145c42d8d88c4af5ea6c, counter=4}, lastWriteDate=Mon Aug 18 13:03:44 IST 2025, lastUpdateTimeNanos=8388954433500}
13:03:45.905 [cluster-ClusterId{value='68a2d75906351b2cb8827492', description='Cluster0'}-ac-ei1dnxw-shard-00-02.ztraaqo.mongodb.net:27017] INFO  org.mongodb.driver.cluster - Discovered replica set primary ac-ei1dnxw-shard-00-02.ztraaqo.mongodb.net:27017 with max election id 7fffffff0000000000000033 and max set version 10
13:03:46.814 [main] INFO  o.s.s.c.a.a.c.InitializeUserDetailsBeanManagerConfigurer$InitializeUserDetailsManagerConfigurer - Global AuthenticationManager configured with UserDetailsService bean with name userDetailsServiceImpl
13:03:47.217 [main] INFO  o.a.coyote.http11.Http11NioProtocol - Starting ProtocolHandler ["http-nio-8080"]
13:03:47.233 [main] INFO  o.s.b.w.e.tomcat.TomcatWebServer - Tomcat started on port 8080 (http) with context path '/journal'
13:03:47.244 [main] INFO  n.f.journalApp.JournalApplication - Started JournalApplication in 3.899 seconds (process running for 4.576)
13:03:51.369 [http-nio-8080-exec-1] INFO  o.a.c.c.C.[.[localhost].[/journal] - Initializing Spring DispatcherServlet 'dispatcherServlet'
13:03:51.369 [http-nio-8080-exec-1] INFO  o.s.web.servlet.DispatcherServlet - Initializing Servlet 'dispatcherServlet'
13:03:51.370 [http-nio-8080-exec-1] INFO  o.s.web.servlet.DispatcherServlet - Completed initialization in 1 ms
13:04:06.211 [SpringApplicationShutdownHook] INFO  o.s.b.w.e.tomcat.GracefulShutdown - Commencing graceful shutdown. Waiting for active requests to complete
13:04:07.375 [tomcat-shutdown] INFO  o.s.b.w.e.tomcat.GracefulShutdown - Graceful shutdown complete
13:05:40.246 [main] INFO  n.f.journalApp.JournalApplication - Starting JournalApplication using Java 22.0.2 with PID 14652 (C:\SpringBoot\JournalApp\journlApp\target\classes started by Ronak Singh in C:\SpringBoot\JournalApp)
13:05:40.247 [main] INFO  n.f.journalApp.JournalApplication - The following 1 profile is active: "dev"
13:05:40.806 [main] INFO  o.s.d.r.c.RepositoryConfigurationDelegate - Bootstrapping Spring Data MongoDB repositories in DEFAULT mode.
13:05:40.867 [main] INFO  o.s.d.r.c.RepositoryConfigurationDelegate - Finished Spring Data repository scanning in 55 ms. Found 3 MongoDB repository interfaces.
13:05:41.274 [main] INFO  o.s.b.w.e.tomcat.TomcatWebServer - Tomcat initialized with port 8080 (http)
13:05:41.284 [main] INFO  o.a.coyote.http11.Http11NioProtocol - Initializing ProtocolHandler ["http-nio-8080"]
13:05:41.287 [main] INFO  o.a.catalina.core.StandardService - Starting service [Tomcat]
13:05:41.288 [main] INFO  o.a.catalina.core.StandardEngine - Starting Servlet engine: [Apache Tomcat/10.1.43]
13:05:41.338 [main] INFO  o.a.c.c.C.[.[localhost].[/journal] - Initializing Spring embedded WebApplicationContext
13:05:41.339 [main] INFO  o.s.b.w.s.c.ServletWebServerApplicationContext - Root WebApplicationContext: initialization completed in 1047 ms
13:05:41.571 [cluster-ClusterId{value='68a2d7cd3af0acc4e24c5aa1', description='Cluster0'}-srv-cluster0.ztraaqo.mongodb.net] INFO  org.mongodb.driver.cluster - Adding discovered server ac-ei1dnxw-shard-00-02.ztraaqo.mongodb.net:27017 to client view of cluster
13:05:41.589 [main] INFO  org.mongodb.driver.client - MongoClient with metadata {"application": {"name": "Cluster0"}, "driver": {"name": "mongo-java-driver|sync|spring-boot", "version": "5.5.1"}, "os": {"type": "Windows", "name": "Windows 11", "architecture": "amd64", "version": "10.0"}, "platform": "Java/Oracle Corporation/22.0.2+9-70"} created with settings MongoClientSettings{readPreference=primary, writeConcern=WriteConcern{w=majority, wTimeout=null ms, journal=null}, retryWrites=true, retryReads=true, readConcern=ReadConcern{level=null}, credential=MongoCredential{mechanism=null, userName='ronaksingh201106', source='admin', password=<hidden>, mechanismProperties=<hidden>}, transportSettings=null, commandListeners=[], codecRegistry=ProvidersCodecRegistry{codecProviders=[ValueCodecProvider{}, BsonValueCodecProvider{}, DBRefCodecProvider{}, DBObjectCodecProvider{}, DocumentCodecProvider{}, CollectionCodecProvider{}, IterableCodecProvider{}, MapCodecProvider{}, GeoJsonCodecProvider{}, GridFSFileCodecProvider{}, Jsr310CodecProvider{}, JsonObjectCodecProvider{}, BsonCodecProvider{}, EnumCodecProvider{}, com.mongodb.client.model.mql.ExpressionCodecProvider@7f977fba, com.mongodb.Jep395RecordCodecProvider@446e7065, com.mongodb.KotlinCodecProvider@d653e41]}, loggerSettings=LoggerSettings{maxDocumentLength=1000}, clusterSettings={hosts=[127.0.0.1:27017], srvHost=cluster0.ztraaqo.mongodb.net, srvServiceName=mongodb, mode=MULTIPLE, requiredClusterType=REPLICA_SET, requiredReplicaSetName='atlas-et1gmu-shard-0', serverSelector='null', clusterListeners='[]', serverSelectionTimeout='30000 ms', localThreshold='15 ms'}, socketSettings=SocketSettings{connectTimeoutMS=10000, readTimeoutMS=0, receiveBufferSize=0, proxySettings=ProxySettings{host=null, port=null, username=null, password=null}}, heartbeatSocketSettings=SocketSettings{connectTimeoutMS=10000, readTimeoutMS=10000, receiveBufferSize=0, proxySettings=ProxySettings{host=null, port=null, username=null, password=null}}, connectionPoolSettings=ConnectionPoolSettings{maxSize=100, minSize=0, maxWaitTimeMS=120000, maxConnectionLifeTimeMS=0, maxConnectionIdleTimeMS=0, maintenanceInitialDelayMS=0, maintenanceFrequencyMS=60000, connectionPoolListeners=[], maxConnecting=2}, serverSettings=ServerSettings{heartbeatFrequencyMS=10000, minHeartbeatFrequencyMS=500, serverMonitoringMode=AUTO, serverListeners='[]', serverMonitorListeners='[]'}, sslSettings=SslSettings{enabled=true, invalidHostNameAllowed=false, context=null}, applicationName='Cluster0', compressorList=[], uuidRepresentation=JAVA_LEGACY, serverApi=null, autoEncryptionSettings=null, dnsClient=null, inetAddressResolver=null, contextProvider=null, timeoutMS=null}
13:05:41.595 [cluster-ClusterId{value='68a2d7cd3af0acc4e24c5aa1', description='Cluster0'}-srv-cluster0.ztraaqo.mongodb.net] INFO  org.mongodb.driver.cluster - Adding discovered server ac-ei1dnxw-shard-00-01.ztraaqo.mongodb.net:27017 to client view of cluster
13:05:41.597 [cluster-ClusterId{value='68a2d7cd3af0acc4e24c5aa1', description='Cluster0'}-srv-cluster0.ztraaqo.mongodb.net] INFO  org.mongodb.driver.cluster - Adding discovered server ac-ei1dnxw-shard-00-00.ztraaqo.mongodb.net:27017 to client view of cluster
13:05:41.842 [main] INFO  org.mongodb.driver.cluster - Waiting for server to become available for operation with ID 5. Remaining time: 29994 ms. Selector: WritableServerSelector, topology description: {type=REPLICA_SET, servers=[{address=ac-ei1dnxw-shard-00-01.ztraaqo.mongodb.net:27017, type=UNKNOWN, state=CONNECTING}, {address=ac-ei1dnxw-shard-00-02.ztraaqo.mongodb.net:27017, type=UNKNOWN, state=CONNECTING}, {address=ac-ei1dnxw-shard-00-00.ztraaqo.mongodb.net:27017, type=UNKNOWN, state=CONNECTING}].
13:05:42.008 [cluster-ClusterId{value='68a2d7cd3af0acc4e24c5aa1', description='Cluster0'}-ac-ei1dnxw-shard-00-00.ztraaqo.mongodb.net:27017] INFO  org.mongodb.driver.cluster - Monitor thread successfully connected to server with description ServerDescription{address=ac-ei1dnxw-shard-00-00.ztraaqo.mongodb.net:27017, type=REPLICA_SET_SECONDARY, cryptd=false, state=CONNECTED, ok=true, minWireVersion=0, maxWireVersion=25, maxDocumentSize=16777216, logicalSessionTimeoutMinutes=30, roundTripTimeNanos=254227700, minRoundTripTimeNanos=0, setName='atlas-et1gmu-shard-0', canonicalAddress=ac-ei1dnxw-shard-00-00.ztraaqo.mongodb.net:27017, hosts=[ac-ei1dnxw-shard-00-02.ztraaqo.mongodb.net:27017, ac-ei1dnxw-shard-00-00.ztraaqo.mongodb.net:27017, ac-ei1dnxw-shard-00-01.ztraaqo.mongodb.net:27017], passives=[], arbiters=[], primary='ac-ei1dnxw-shard-00-02.ztraaqo.mongodb.net:27017', tagSet=TagSet{[Tag{name='availabilityZone', value='aps1-az1'}, Tag{name='diskState', value='READY'}, Tag{name='nodeType', value='ELECTABLE'}, Tag{name='provider', value='AWS'}, Tag{name='region', value='AP_SOUTH_1'}, Tag{name='workloadType', value='OPERATIONAL'}]}, electionId=null, setVersion=10, topologyVersion=TopologyVersion{processId=68a2145c42d8d88c4af5ea6c, counter=4}, lastWriteDate=Mon Aug 18 13:05:40 IST 2025, lastUpdateTimeNanos=8505060464800}
13:05:42.008 [cluster-ClusterId{value='68a2d7cd3af0acc4e24c5aa1', description='Cluster0'}-ac-ei1dnxw-shard-00-02.ztraaqo.mongodb.net:27017] INFO  org.mongodb.driver.cluster - Monitor thread successfully connected to server with description ServerDescription{address=ac-ei1dnxw-shard-00-02.ztraaqo.mongodb.net:27017, type=REPLICA_SET_PRIMARY, cryptd=false, state=CONNECTED, ok=true, minWireVersion=0, maxWireVersion=25, maxDocumentSize=16777216, logicalSessionTimeoutMinutes=30, roundTripTimeNanos=254227500, minRoundTripTimeNanos=0, setName='atlas-et1gmu-shard-0', canonicalAddress=ac-ei1dnxw-shard-00-02.ztraaqo.mongodb.net:27017, hosts=[ac-ei1dnxw-shard-00-02.ztraaqo.mongodb.net:27017, ac-ei1dnxw-shard-00-00.ztraaqo.mongodb.net:27017, ac-ei1dnxw-shard-00-01.ztraaqo.mongodb.net:27017], passives=[], arbiters=[], primary='ac-ei1dnxw-shard-00-02.ztraaqo.mongodb.net:27017', tagSet=TagSet{[Tag{name='availabilityZone', value='aps1-az2'}, Tag{name='diskState', value='READY'}, Tag{name='nodeType', value='ELECTABLE'}, Tag{name='provider', value='AWS'}, Tag{name='region', value='AP_SOUTH_1'}, Tag{name='workloadType', value='OPERATIONAL'}]}, electionId=7fffffff0000000000000033, setVersion=10, topologyVersion=TopologyVersion{processId=68a2136a5fde4c84ecd4a012, counter=6}, lastWriteDate=Mon Aug 18 13:05:40 IST 2025, lastUpdateTimeNanos=8505060464800}
13:05:42.008 [cluster-ClusterId{value='68a2d7cd3af0acc4e24c5aa1', description='Cluster0'}-ac-ei1dnxw-shard-00-01.ztraaqo.mongodb.net:27017] INFO  org.mongodb.driver.cluster - Monitor thread successfully connected to server with description ServerDescription{address=ac-ei1dnxw-shard-00-01.ztraaqo.mongodb.net:27017, type=REPLICA_SET_SECONDARY, cryptd=false, state=CONNECTED, ok=true, minWireVersion=0, maxWireVersion=25, maxDocumentSize=16777216, logicalSessionTimeoutMinutes=30, roundTripTimeNanos=255505900, minRoundTripTimeNanos=0, setName='atlas-et1gmu-shard-0', canonicalAddress=ac-ei1dnxw-shard-00-01.ztraaqo.mongodb.net:27017, hosts=[ac-ei1dnxw-shard-00-02.ztraaqo.mongodb.net:27017, ac-ei1dnxw-shard-00-00.ztraaqo.mongodb.net:27017, ac-ei1dnxw-shard-00-01.ztraaqo.mongodb.net:27017], passives=[], arbiters=[], primary='ac-ei1dnxw-shard-00-02.ztraaqo.mongodb.net:27017', tagSet=TagSet{[Tag{name='availabilityZone', value='aps1-az3'}, Tag{name='diskState', value='READY'}, Tag{name='nodeType', value='ELECTABLE'}, Tag{name='provider', value='AWS'}, Tag{name='region', value='AP_SOUTH_1'}, Tag{name='workloadType', value='OPERATIONAL'}]}, electionId=null, setVersion=10, topologyVersion=TopologyVersion{processId=68a215cc93cbde9c96f801a6, counter=3}, lastWriteDate=Mon Aug 18 13:05:40 IST 2025, lastUpdateTimeNanos=8505060464800}
13:05:42.010 [cluster-ClusterId{value='68a2d7cd3af0acc4e24c5aa1', description='Cluster0'}-ac-ei1dnxw-shard-00-02.ztraaqo.mongodb.net:27017] INFO  org.mongodb.driver.cluster - Discovered replica set primary ac-ei1dnxw-shard-00-02.ztraaqo.mongodb.net:27017 with max election id 7fffffff0000000000000033 and max set version 10
13:05:42.742 [main] INFO  o.s.s.c.a.a.c.InitializeUserDetailsBeanManagerConfigurer$InitializeUserDetailsManagerConfigurer - Global AuthenticationManager configured with UserDetailsService bean with name userDetailsServiceImpl
13:05:42.982 [main] INFO  o.a.coyote.http11.Http11NioProtocol - Starting ProtocolHandler ["http-nio-8080"]
13:05:42.993 [main] INFO  o.s.b.w.e.tomcat.TomcatWebServer - Tomcat started on port 8080 (http) with context path '/journal'
13:05:42.999 [main] INFO  n.f.journalApp.JournalApplication - Started JournalApplication in 3.187 seconds (process running for 3.694)
13:05:47.097 [http-nio-8080-exec-1] INFO  o.a.c.c.C.[.[localhost].[/journal] - Initializing Spring DispatcherServlet 'dispatcherServlet'
13:05:47.097 [http-nio-8080-exec-1] INFO  o.s.web.servlet.DispatcherServlet - Initializing Servlet 'dispatcherServlet'
13:05:47.098 [http-nio-8080-exec-1] INFO  o.s.web.servlet.DispatcherServlet - Completed initialization in 1 ms
13:06:06.520 [SpringApplicationShutdownHook] INFO  o.s.b.w.e.tomcat.GracefulShutdown - Commencing graceful shutdown. Waiting for active requests to complete
13:06:06.526 [tomcat-shutdown] INFO  o.s.b.w.e.tomcat.GracefulShutdown - Graceful shutdown complete
13:10:33.683 [main] INFO  n.f.journalApp.JournalApplication - Starting JournalApplication using Java 22.0.2 with PID 19168 (C:\SpringBoot\JournalApp\journlApp\target\classes started by Ronak Singh in C:\SpringBoot\JournalApp)
13:10:33.685 [main] INFO  n.f.journalApp.JournalApplication - The following 1 profile is active: "dev"
13:10:34.267 [main] INFO  o.s.d.r.c.RepositoryConfigurationDelegate - Bootstrapping Spring Data MongoDB repositories in DEFAULT mode.
13:10:34.324 [main] INFO  o.s.d.r.c.RepositoryConfigurationDelegate - Finished Spring Data repository scanning in 51 ms. Found 3 MongoDB repository interfaces.
13:10:34.814 [main] INFO  o.s.b.w.e.tomcat.TomcatWebServer - Tomcat initialized with port 8080 (http)
13:10:34.825 [main] INFO  o.a.coyote.http11.Http11NioProtocol - Initializing ProtocolHandler ["http-nio-8080"]
13:10:34.827 [main] INFO  o.a.catalina.core.StandardService - Starting service [Tomcat]
13:10:34.827 [main] INFO  o.a.catalina.core.StandardEngine - Starting Servlet engine: [Apache Tomcat/10.1.43]
13:10:34.880 [main] INFO  o.a.c.c.C.[.[localhost].[/journal] - Initializing Spring embedded WebApplicationContext
13:10:34.880 [main] INFO  o.s.b.w.s.c.ServletWebServerApplicationContext - Root WebApplicationContext: initialization completed in 1154 ms
13:10:35.111 [cluster-ClusterId{value='68a2d8f36da515f9dec4f984', description='Cluster0'}-srv-cluster0.ztraaqo.mongodb.net] INFO  org.mongodb.driver.cluster - Adding discovered server ac-ei1dnxw-shard-00-02.ztraaqo.mongodb.net:27017 to client view of cluster
13:10:35.125 [main] INFO  org.mongodb.driver.client - MongoClient with metadata {"application": {"name": "Cluster0"}, "driver": {"name": "mongo-java-driver|sync|spring-boot", "version": "5.5.1"}, "os": {"type": "Windows", "name": "Windows 11", "architecture": "amd64", "version": "10.0"}, "platform": "Java/Oracle Corporation/22.0.2+9-70"} created with settings MongoClientSettings{readPreference=primary, writeConcern=WriteConcern{w=majority, wTimeout=null ms, journal=null}, retryWrites=true, retryReads=true, readConcern=ReadConcern{level=null}, credential=MongoCredential{mechanism=null, userName='ronaksingh201106', source='admin', password=<hidden>, mechanismProperties=<hidden>}, transportSettings=null, commandListeners=[], codecRegistry=ProvidersCodecRegistry{codecProviders=[ValueCodecProvider{}, BsonValueCodecProvider{}, DBRefCodecProvider{}, DBObjectCodecProvider{}, DocumentCodecProvider{}, CollectionCodecProvider{}, IterableCodecProvider{}, MapCodecProvider{}, GeoJsonCodecProvider{}, GridFSFileCodecProvider{}, Jsr310CodecProvider{}, JsonObjectCodecProvider{}, BsonCodecProvider{}, EnumCodecProvider{}, com.mongodb.client.model.mql.ExpressionCodecProvider@237add, com.mongodb.Jep395RecordCodecProvider@491cafec, com.mongodb.KotlinCodecProvider@cbd40c1]}, loggerSettings=LoggerSettings{maxDocumentLength=1000}, clusterSettings={hosts=[127.0.0.1:27017], srvHost=cluster0.ztraaqo.mongodb.net, srvServiceName=mongodb, mode=MULTIPLE, requiredClusterType=REPLICA_SET, requiredReplicaSetName='atlas-et1gmu-shard-0', serverSelector='null', clusterListeners='[]', serverSelectionTimeout='30000 ms', localThreshold='15 ms'}, socketSettings=SocketSettings{connectTimeoutMS=10000, readTimeoutMS=0, receiveBufferSize=0, proxySettings=ProxySettings{host=null, port=null, username=null, password=null}}, heartbeatSocketSettings=SocketSettings{connectTimeoutMS=10000, readTimeoutMS=10000, receiveBufferSize=0, proxySettings=ProxySettings{host=null, port=null, username=null, password=null}}, connectionPoolSettings=ConnectionPoolSettings{maxSize=100, minSize=0, maxWaitTimeMS=120000, maxConnectionLifeTimeMS=0, maxConnectionIdleTimeMS=0, maintenanceInitialDelayMS=0, maintenanceFrequencyMS=60000, connectionPoolListeners=[], maxConnecting=2}, serverSettings=ServerSettings{heartbeatFrequencyMS=10000, minHeartbeatFrequencyMS=500, serverMonitoringMode=AUTO, serverListeners='[]', serverMonitorListeners='[]'}, sslSettings=SslSettings{enabled=true, invalidHostNameAllowed=false, context=null}, applicationName='Cluster0', compressorList=[], uuidRepresentation=JAVA_LEGACY, serverApi=null, autoEncryptionSettings=null, dnsClient=null, inetAddressResolver=null, contextProvider=null, timeoutMS=null}
13:10:35.136 [cluster-ClusterId{value='68a2d8f36da515f9dec4f984', description='Cluster0'}-srv-cluster0.ztraaqo.mongodb.net] INFO  org.mongodb.driver.cluster - Adding discovered server ac-ei1dnxw-shard-00-01.ztraaqo.mongodb.net:27017 to client view of cluster
13:10:35.138 [cluster-ClusterId{value='68a2d8f36da515f9dec4f984', description='Cluster0'}-srv-cluster0.ztraaqo.mongodb.net] INFO  org.mongodb.driver.cluster - Adding discovered server ac-ei1dnxw-shard-00-00.ztraaqo.mongodb.net:27017 to client view of cluster
13:10:35.407 [main] INFO  org.mongodb.driver.cluster - Waiting for server to become available for operation with ID 5. Remaining time: 29993 ms. Selector: WritableServerSelector, topology description: {type=REPLICA_SET, servers=[{address=ac-ei1dnxw-shard-00-01.ztraaqo.mongodb.net:27017, type=UNKNOWN, state=CONNECTING}, {address=ac-ei1dnxw-shard-00-02.ztraaqo.mongodb.net:27017, type=UNKNOWN, state=CONNECTING}, {address=ac-ei1dnxw-shard-00-00.ztraaqo.mongodb.net:27017, type=UNKNOWN, state=CONNECTING}].
13:10:35.561 [cluster-ClusterId{value='68a2d8f36da515f9dec4f984', description='Cluster0'}-ac-ei1dnxw-shard-00-02.ztraaqo.mongodb.net:27017] INFO  org.mongodb.driver.cluster - Monitor thread successfully connected to server with description ServerDescription{address=ac-ei1dnxw-shard-00-02.ztraaqo.mongodb.net:27017, type=REPLICA_SET_PRIMARY, cryptd=false, state=CONNECTED, ok=true, minWireVersion=0, maxWireVersion=25, maxDocumentSize=16777216, logicalSessionTimeoutMinutes=30, roundTripTimeNanos=251593200, minRoundTripTimeNanos=0, setName='atlas-et1gmu-shard-0', canonicalAddress=ac-ei1dnxw-shard-00-02.ztraaqo.mongodb.net:27017, hosts=[ac-ei1dnxw-shard-00-02.ztraaqo.mongodb.net:27017, ac-ei1dnxw-shard-00-00.ztraaqo.mongodb.net:27017, ac-ei1dnxw-shard-00-01.ztraaqo.mongodb.net:27017], passives=[], arbiters=[], primary='ac-ei1dnxw-shard-00-02.ztraaqo.mongodb.net:27017', tagSet=TagSet{[Tag{name='availabilityZone', value='aps1-az2'}, Tag{name='diskState', value='READY'}, Tag{name='nodeType', value='ELECTABLE'}, Tag{name='provider', value='AWS'}, Tag{name='region', value='AP_SOUTH_1'}, Tag{name='workloadType', value='OPERATIONAL'}]}, electionId=7fffffff0000000000000033, setVersion=10, topologyVersion=TopologyVersion{processId=68a2136a5fde4c84ecd4a012, counter=6}, lastWriteDate=Mon Aug 18 13:10:21 IST 2025, lastUpdateTimeNanos=8798614481400}
13:10:35.561 [cluster-ClusterId{value='68a2d8f36da515f9dec4f984', description='Cluster0'}-ac-ei1dnxw-shard-00-01.ztraaqo.mongodb.net:27017] INFO  org.mongodb.driver.cluster - Monitor thread successfully connected to server with description ServerDescription{address=ac-ei1dnxw-shard-00-01.ztraaqo.mongodb.net:27017, type=REPLICA_SET_SECONDARY, cryptd=false, state=CONNECTED, ok=true, minWireVersion=0, maxWireVersion=25, maxDocumentSize=16777216, logicalSessionTimeoutMinutes=30, roundTripTimeNanos=252327900, minRoundTripTimeNanos=0, setName='atlas-et1gmu-shard-0', canonicalAddress=ac-ei1dnxw-shard-00-01.ztraaqo.mongodb.net:27017, hosts=[ac-ei1dnxw-shard-00-02.ztraaqo.mongodb.net:27017, ac-ei1dnxw-shard-00-00.ztraaqo.mongodb.net:27017, ac-ei1dnxw-shard-00-01.ztraaqo.mongodb.net:27017], passives=[], arbiters=[], primary='ac-ei1dnxw-shard-00-02.ztraaqo.mongodb.net:27017', tagSet=TagSet{[Tag{name='availabilityZone', value='aps1-az3'}, Tag{name='diskState', value='READY'}, Tag{name='nodeType', value='ELECTABLE'}, Tag{name='provider', value='AWS'}, Tag{name='region', value='AP_SOUTH_1'}, Tag{name='workloadType', value='OPERATIONAL'}]}, electionId=null, setVersion=10, topologyVersion=TopologyVersion{processId=68a215cc93cbde9c96f801a6, counter=3}, lastWriteDate=Mon Aug 18 13:10:21 IST 2025, lastUpdateTimeNanos=8798614481400}
13:10:35.561 [cluster-ClusterId{value='68a2d8f36da515f9dec4f984', description='Cluster0'}-ac-ei1dnxw-shard-00-00.ztraaqo.mongodb.net:27017] INFO  org.mongodb.driver.cluster - Monitor thread successfully connected to server with description ServerDescription{address=ac-ei1dnxw-shard-00-00.ztraaqo.mongodb.net:27017, type=REPLICA_SET_SECONDARY, cryptd=false, state=CONNECTED, ok=true, minWireVersion=0, maxWireVersion=25, maxDocumentSize=16777216, logicalSessionTimeoutMinutes=30, roundTripTimeNanos=252327900, minRoundTripTimeNanos=0, setName='atlas-et1gmu-shard-0', canonicalAddress=ac-ei1dnxw-shard-00-00.ztraaqo.mongodb.net:27017, hosts=[ac-ei1dnxw-shard-00-02.ztraaqo.mongodb.net:27017, ac-ei1dnxw-shard-00-00.ztraaqo.mongodb.net:27017, ac-ei1dnxw-shard-00-01.ztraaqo.mongodb.net:27017], passives=[], arbiters=[], primary='ac-ei1dnxw-shard-00-02.ztraaqo.mongodb.net:27017', tagSet=TagSet{[Tag{name='availabilityZone', value='aps1-az1'}, Tag{name='diskState', value='READY'}, Tag{name='nodeType', value='ELECTABLE'}, Tag{name='provider', value='AWS'}, Tag{name='region', value='AP_SOUTH_1'}, Tag{name='workloadType', value='OPERATIONAL'}]}, electionId=null, setVersion=10, topologyVersion=TopologyVersion{processId=68a2145c42d8d88c4af5ea6c, counter=4}, lastWriteDate=Mon Aug 18 13:10:21 IST 2025, lastUpdateTimeNanos=8798614481400}
13:10:35.563 [cluster-ClusterId{value='68a2d8f36da515f9dec4f984', description='Cluster0'}-ac-ei1dnxw-shard-00-02.ztraaqo.mongodb.net:27017] INFO  org.mongodb.driver.cluster - Discovered replica set primary ac-ei1dnxw-shard-00-02.ztraaqo.mongodb.net:27017 with max election id 7fffffff0000000000000033 and max set version 10
13:10:36.249 [main] INFO  o.s.s.c.a.a.c.InitializeUserDetailsBeanManagerConfigurer$InitializeUserDetailsManagerConfigurer - Global AuthenticationManager configured with UserDetailsService bean with name userDetailsServiceImpl
13:10:36.502 [main] INFO  o.a.coyote.http11.Http11NioProtocol - Starting ProtocolHandler ["http-nio-8080"]
13:10:36.513 [main] INFO  o.s.b.w.e.tomcat.TomcatWebServer - Tomcat started on port 8080 (http) with context path '/journal'
13:10:36.521 [main] INFO  n.f.journalApp.JournalApplication - Started JournalApplication in 3.273 seconds (process running for 3.772)
13:10:39.821 [http-nio-8080-exec-2] INFO  o.a.c.c.C.[.[localhost].[/journal] - Initializing Spring DispatcherServlet 'dispatcherServlet'
13:10:39.822 [http-nio-8080-exec-2] INFO  o.s.web.servlet.DispatcherServlet - Initializing Servlet 'dispatcherServlet'
13:10:39.822 [http-nio-8080-exec-2] INFO  o.s.web.servlet.DispatcherServlet - Completed initialization in 0 ms
13:15:47.653 [SpringApplicationShutdownHook] INFO  o.s.b.w.e.tomcat.GracefulShutdown - Commencing graceful shutdown. Waiting for active requests to complete
13:15:47.657 [tomcat-shutdown] INFO  o.s.b.w.e.tomcat.GracefulShutdown - Graceful shutdown complete
13:15:53.021 [main] INFO  n.f.journalApp.JournalApplication - Starting JournalApplication using Java 22.0.2 with PID 10652 (C:\SpringBoot\JournalApp\journlApp\target\classes started by Ronak Singh in C:\SpringBoot\JournalApp)
13:15:53.022 [main] INFO  n.f.journalApp.JournalApplication - The following 1 profile is active: "dev"
13:15:53.602 [main] INFO  o.s.d.r.c.RepositoryConfigurationDelegate - Bootstrapping Spring Data MongoDB repositories in DEFAULT mode.
13:15:53.662 [main] INFO  o.s.d.r.c.RepositoryConfigurationDelegate - Finished Spring Data repository scanning in 54 ms. Found 3 MongoDB repository interfaces.
13:15:54.071 [main] INFO  o.s.b.w.e.tomcat.TomcatWebServer - Tomcat initialized with port 8080 (http)
13:15:54.084 [main] INFO  o.a.coyote.http11.Http11NioProtocol - Initializing ProtocolHandler ["http-nio-8080"]
13:15:54.086 [main] INFO  o.a.catalina.core.StandardService - Starting service [Tomcat]
13:15:54.086 [main] INFO  o.a.catalina.core.StandardEngine - Starting Servlet engine: [Apache Tomcat/10.1.43]
13:15:54.139 [main] INFO  o.a.c.c.C.[.[localhost].[/journal] - Initializing Spring embedded WebApplicationContext
13:15:54.140 [main] INFO  o.s.b.w.s.c.ServletWebServerApplicationContext - Root WebApplicationContext: initialization completed in 1071 ms
13:15:54.831 [cluster-ClusterId{value='68a2da3203c93c113643b1f1', description='Cluster0'}-srv-cluster0.ztraaqo.mongodb.net] INFO  org.mongodb.driver.cluster - Adding discovered server ac-ei1dnxw-shard-00-02.ztraaqo.mongodb.net:27017 to client view of cluster
13:15:54.837 [main] INFO  org.mongodb.driver.client - MongoClient with metadata {"application": {"name": "Cluster0"}, "driver": {"name": "mongo-java-driver|sync|spring-boot", "version": "5.5.1"}, "os": {"type": "Windows", "name": "Windows 11", "architecture": "amd64", "version": "10.0"}, "platform": "Java/Oracle Corporation/22.0.2+9-70"} created with settings MongoClientSettings{readPreference=primary, writeConcern=WriteConcern{w=majority, wTimeout=null ms, journal=null}, retryWrites=true, retryReads=true, readConcern=ReadConcern{level=null}, credential=MongoCredential{mechanism=null, userName='ronaksingh201106', source='admin', password=<hidden>, mechanismProperties=<hidden>}, transportSettings=null, commandListeners=[], codecRegistry=ProvidersCodecRegistry{codecProviders=[ValueCodecProvider{}, BsonValueCodecProvider{}, DBRefCodecProvider{}, DBObjectCodecProvider{}, DocumentCodecProvider{}, CollectionCodecProvider{}, IterableCodecProvider{}, MapCodecProvider{}, GeoJsonCodecProvider{}, GridFSFileCodecProvider{}, Jsr310CodecProvider{}, JsonObjectCodecProvider{}, BsonCodecProvider{}, EnumCodecProvider{}, com.mongodb.client.model.mql.ExpressionCodecProvider@7f977fba, com.mongodb.Jep395RecordCodecProvider@446e7065, com.mongodb.KotlinCodecProvider@d653e41]}, loggerSettings=LoggerSettings{maxDocumentLength=1000}, clusterSettings={hosts=[127.0.0.1:27017], srvHost=cluster0.ztraaqo.mongodb.net, srvServiceName=mongodb, mode=MULTIPLE, requiredClusterType=REPLICA_SET, requiredReplicaSetName='atlas-et1gmu-shard-0', serverSelector='null', clusterListeners='[]', serverSelectionTimeout='30000 ms', localThreshold='15 ms'}, socketSettings=SocketSettings{connectTimeoutMS=10000, readTimeoutMS=0, receiveBufferSize=0, proxySettings=ProxySettings{host=null, port=null, username=null, password=null}}, heartbeatSocketSettings=SocketSettings{connectTimeoutMS=10000, readTimeoutMS=10000, receiveBufferSize=0, proxySettings=ProxySettings{host=null, port=null, username=null, password=null}}, connectionPoolSettings=ConnectionPoolSettings{maxSize=100, minSize=0, maxWaitTimeMS=120000, maxConnectionLifeTimeMS=0, maxConnectionIdleTimeMS=0, maintenanceInitialDelayMS=0, maintenanceFrequencyMS=60000, connectionPoolListeners=[], maxConnecting=2}, serverSettings=ServerSettings{heartbeatFrequencyMS=10000, minHeartbeatFrequencyMS=500, serverMonitoringMode=AUTO, serverListeners='[]', serverMonitorListeners='[]'}, sslSettings=SslSettings{enabled=true, invalidHostNameAllowed=false, context=null}, applicationName='Cluster0', compressorList=[], uuidRepresentation=JAVA_LEGACY, serverApi=null, autoEncryptionSettings=null, dnsClient=null, inetAddressResolver=null, contextProvider=null, timeoutMS=null}
13:15:54.851 [cluster-ClusterId{value='68a2da3203c93c113643b1f1', description='Cluster0'}-srv-cluster0.ztraaqo.mongodb.net] INFO  org.mongodb.driver.cluster - Adding discovered server ac-ei1dnxw-shard-00-01.ztraaqo.mongodb.net:27017 to client view of cluster
13:15:54.853 [cluster-ClusterId{value='68a2da3203c93c113643b1f1', description='Cluster0'}-srv-cluster0.ztraaqo.mongodb.net] INFO  org.mongodb.driver.cluster - Adding discovered server ac-ei1dnxw-shard-00-00.ztraaqo.mongodb.net:27017 to client view of cluster
13:15:55.084 [main] INFO  org.mongodb.driver.cluster - Waiting for server to become available for operation with ID 5. Remaining time: 29993 ms. Selector: WritableServerSelector, topology description: {type=REPLICA_SET, servers=[{address=ac-ei1dnxw-shard-00-01.ztraaqo.mongodb.net:27017, type=UNKNOWN, state=CONNECTING}, {address=ac-ei1dnxw-shard-00-02.ztraaqo.mongodb.net:27017, type=UNKNOWN, state=CONNECTING}, {address=ac-ei1dnxw-shard-00-00.ztraaqo.mongodb.net:27017, type=UNKNOWN, state=CONNECTING}].
13:15:55.276 [cluster-ClusterId{value='68a2da3203c93c113643b1f1', description='Cluster0'}-ac-ei1dnxw-shard-00-00.ztraaqo.mongodb.net:27017] INFO  org.mongodb.driver.cluster - Monitor thread successfully connected to server with description ServerDescription{address=ac-ei1dnxw-shard-00-00.ztraaqo.mongodb.net:27017, type=REPLICA_SET_SECONDARY, cryptd=false, state=CONNECTED, ok=true, minWireVersion=0, maxWireVersion=25, maxDocumentSize=16777216, logicalSessionTimeoutMinutes=30, roundTripTimeNanos=269028500, minRoundTripTimeNanos=0, setName='atlas-et1gmu-shard-0', canonicalAddress=ac-ei1dnxw-shard-00-00.ztraaqo.mongodb.net:27017, hosts=[ac-ei1dnxw-shard-00-02.ztraaqo.mongodb.net:27017, ac-ei1dnxw-shard-00-00.ztraaqo.mongodb.net:27017, ac-ei1dnxw-shard-00-01.ztraaqo.mongodb.net:27017], passives=[], arbiters=[], primary='ac-ei1dnxw-shard-00-02.ztraaqo.mongodb.net:27017', tagSet=TagSet{[Tag{name='availabilityZone', value='aps1-az1'}, Tag{name='diskState', value='READY'}, Tag{name='nodeType', value='ELECTABLE'}, Tag{name='provider', value='AWS'}, Tag{name='region', value='AP_SOUTH_1'}, Tag{name='workloadType', value='OPERATIONAL'}]}, electionId=null, setVersion=10, topologyVersion=TopologyVersion{processId=68a2145c42d8d88c4af5ea6c, counter=4}, lastWriteDate=Mon Aug 18 13:15:50 IST 2025, lastUpdateTimeNanos=9118330059500}
13:15:55.276 [cluster-ClusterId{value='68a2da3203c93c113643b1f1', description='Cluster0'}-ac-ei1dnxw-shard-00-02.ztraaqo.mongodb.net:27017] INFO  org.mongodb.driver.cluster - Monitor thread successfully connected to server with description ServerDescription{address=ac-ei1dnxw-shard-00-02.ztraaqo.mongodb.net:27017, type=REPLICA_SET_PRIMARY, cryptd=false, state=CONNECTED, ok=true, minWireVersion=0, maxWireVersion=25, maxDocumentSize=16777216, logicalSessionTimeoutMinutes=30, roundTripTimeNanos=269029000, minRoundTripTimeNanos=0, setName='atlas-et1gmu-shard-0', canonicalAddress=ac-ei1dnxw-shard-00-02.ztraaqo.mongodb.net:27017, hosts=[ac-ei1dnxw-shard-00-02.ztraaqo.mongodb.net:27017, ac-ei1dnxw-shard-00-00.ztraaqo.mongodb.net:27017, ac-ei1dnxw-shard-00-01.ztraaqo.mongodb.net:27017], passives=[], arbiters=[], primary='ac-ei1dnxw-shard-00-02.ztraaqo.mongodb.net:27017', tagSet=TagSet{[Tag{name='availabilityZone', value='aps1-az2'}, Tag{name='diskState', value='READY'}, Tag{name='nodeType', value='ELECTABLE'}, Tag{name='provider', value='AWS'}, Tag{name='region', value='AP_SOUTH_1'}, Tag{name='workloadType', value='OPERATIONAL'}]}, electionId=7fffffff0000000000000033, setVersion=10, topologyVersion=TopologyVersion{processId=68a2136a5fde4c84ecd4a012, counter=6}, lastWriteDate=Mon Aug 18 13:15:50 IST 2025, lastUpdateTimeNanos=9118330059600}
13:15:55.277 [cluster-ClusterId{value='68a2da3203c93c113643b1f1', description='Cluster0'}-ac-ei1dnxw-shard-00-01.ztraaqo.mongodb.net:27017] INFO  org.mongodb.driver.cluster - Monitor thread successfully connected to server with description ServerDescription{address=ac-ei1dnxw-shard-00-01.ztraaqo.mongodb.net:27017, type=REPLICA_SET_SECONDARY, cryptd=false, state=CONNECTED, ok=true, minWireVersion=0, maxWireVersion=25, maxDocumentSize=16777216, logicalSessionTimeoutMinutes=30, roundTripTimeNanos=269028300, minRoundTripTimeNanos=0, setName='atlas-et1gmu-shard-0', canonicalAddress=ac-ei1dnxw-shard-00-01.ztraaqo.mongodb.net:27017, hosts=[ac-ei1dnxw-shard-00-02.ztraaqo.mongodb.net:27017, ac-ei1dnxw-shard-00-00.ztraaqo.mongodb.net:27017, ac-ei1dnxw-shard-00-01.ztraaqo.mongodb.net:27017], passives=[], arbiters=[], primary='ac-ei1dnxw-shard-00-02.ztraaqo.mongodb.net:27017', tagSet=TagSet{[Tag{name='availabilityZone', value='aps1-az3'}, Tag{name='diskState', value='READY'}, Tag{name='nodeType', value='ELECTABLE'}, Tag{name='provider', value='AWS'}, Tag{name='region', value='AP_SOUTH_1'}, Tag{name='workloadType', value='OPERATIONAL'}]}, electionId=null, setVersion=10, topologyVersion=TopologyVersion{processId=68a215cc93cbde9c96f801a6, counter=3}, lastWriteDate=Mon Aug 18 13:15:50 IST 2025, lastUpdateTimeNanos=9118330059600}
13:15:55.279 [cluster-ClusterId{value='68a2da3203c93c113643b1f1', description='Cluster0'}-ac-ei1dnxw-shard-00-02.ztraaqo.mongodb.net:27017] INFO  org.mongodb.driver.cluster - Discovered replica set primary ac-ei1dnxw-shard-00-02.ztraaqo.mongodb.net:27017 with max election id 7fffffff0000000000000033 and max set version 10
13:15:55.995 [main] INFO  o.s.s.c.a.a.c.InitializeUserDetailsBeanManagerConfigurer$InitializeUserDetailsManagerConfigurer - Global AuthenticationManager configured with UserDetailsService bean with name userDetailsServiceImpl
13:15:56.222 [main] INFO  o.a.coyote.http11.Http11NioProtocol - Starting ProtocolHandler ["http-nio-8080"]
13:15:56.232 [main] INFO  o.s.b.w.e.tomcat.TomcatWebServer - Tomcat started on port 8080 (http) with context path '/journal'
13:15:56.239 [main] INFO  n.f.journalApp.JournalApplication - Started JournalApplication in 3.653 seconds (process running for 4.231)
13:15:59.223 [http-nio-8080-exec-1] INFO  o.a.c.c.C.[.[localhost].[/journal] - Initializing Spring DispatcherServlet 'dispatcherServlet'
13:15:59.224 [http-nio-8080-exec-1] INFO  o.s.web.servlet.DispatcherServlet - Initializing Servlet 'dispatcherServlet'
13:15:59.224 [http-nio-8080-exec-1] INFO  o.s.web.servlet.DispatcherServlet - Completed initialization in 0 ms
13:16:05.568 [SpringApplicationShutdownHook] INFO  o.s.b.w.e.tomcat.GracefulShutdown - Commencing graceful shutdown. Waiting for active requests to complete
13:16:05.573 [tomcat-shutdown] INFO  o.s.b.w.e.tomcat.GracefulShutdown - Graceful shutdown complete
